#
# There is insufficient memory for the Java Runtime Environment to continue.
# Native memory allocation (mmap) failed to map 211812352 bytes. Error detail: G1 virtual space
# Possible reasons:
#   The system is out of physical RAM or swap space
#   This process is running with CompressedOops enabled, and the Java Heap may be blocking the growth of the native heap
# Possible solutions:
#   Reduce memory load on the system
#   Increase physical memory or swap space
#   Check if swap backing store is full
#   Decrease Java heap size (-Xmx/-Xms)
#   Decrease number of Java threads
#   Decrease Java thread stack sizes (-Xss)
#   Set larger code cache with -XX:ReservedCodeCacheSize=
#   JVM is running with Zero Based Compressed Oops mode in which the Java heap is
#     placed in the first 32GB address space. The Java Heap base address is the
#     maximum limit for the native heap growth. Please use -XX:HeapBaseMinAddress
#     to set the Java Heap base and to place the Java Heap above 32GB virtual address.
# This output file may be truncated or incomplete.
#
#  Out of Memory Error (os_windows.cpp:3618), pid=14296, tid=3136
#
# JRE version: OpenJDK Runtime Environment Corretto-17.0.15.6.1 (17.0.15+6) (build 17.0.15+6-LTS)
# Java VM: OpenJDK 64-Bit Server VM Corretto-17.0.15.6.1 (17.0.15+6-LTS, mixed mode, sharing, tiered, compressed oops, compressed class ptrs, g1 gc, windows-amd64)
# No core dump will be written. Minidumps are not enabled by default on client versions of Windows
#

---------------  S U M M A R Y ------------

Command Line: -javaagent:D:\IntelliJ IDEA Community Edition 2025.1.3\lib\idea_rt.jar=58729 -Dfile.encoding=UTF-8 com.example.demo.CarbookApplication

Host: 13th Gen Intel(R) Core(TM) i7-13650HX, 20 cores, 15G,  Windows 11 , 64 bit Build 26100 (10.0.26100.7705)
Time: Fri Feb 13 14:21:09 2026 Azerbaijan Standard Time elapsed time: 11.261117 seconds (0d 0h 0m 11s)

---------------  T H R E A D  ---------------

Current thread (0x0000024f6ce1e120):  VMThread "VM Thread" [stack: 0x000000bd76200000,0x000000bd76300000] [id=3136]

Stack: [0x000000bd76200000,0x000000bd76300000]
Native frames: (J=compiled Java code, j=interpreted, Vv=VM code, C=native code)
V  [jvm.dll+0x681149]
V  [jvm.dll+0x838b5a]
V  [jvm.dll+0x83a61e]
V  [jvm.dll+0x83ac83]
V  [jvm.dll+0x24837f]
V  [jvm.dll+0x67de79]
V  [jvm.dll+0x67294a]
V  [jvm.dll+0x30836b]
V  [jvm.dll+0x30f856]
V  [jvm.dll+0x35fbce]
V  [jvm.dll+0x35fe0f]
V  [jvm.dll+0x2df31c]
V  [jvm.dll+0x2dd6df]
V  [jvm.dll+0x2dce0c]
V  [jvm.dll+0x3205ab]
V  [jvm.dll+0x83f17d]
V  [jvm.dll+0x83fec2]
V  [jvm.dll+0x8403ef]
V  [jvm.dll+0x8407d4]
V  [jvm.dll+0x8408a0]
V  [jvm.dll+0x7e7f8c]
V  [jvm.dll+0x680017]
C  [ucrtbase.dll+0x37b0]
C  [KERNEL32.DLL+0x2e8d7]
C  [ntdll.dll+0x8c40c]

VM_Operation (0x000000bd77cfbb80): G1CollectForAllocation, mode: safepoint, requested by thread 0x0000024f729d2640


---------------  P R O C E S S  ---------------

Threads class SMR info:
_java_thread_list=0x0000024f7643f610, length=30, elements={
0x0000024f49ab5d00, 0x0000024f6ce23660, 0x0000024f6ce23e30, 0x0000024f6ce34380,
0x0000024f6ce34b50, 0x0000024f6ce39130, 0x0000024f6ce3f730, 0x0000024f6ce44500,
0x0000024f6ce4eaf0, 0x0000024f6ce51020, 0x0000024f6ce5e410, 0x0000024f6db26230,
0x0000024f6dbe6120, 0x0000024f72509070, 0x0000024f729d2640, 0x0000024f72a14020,
0x0000024f72a0a730, 0x0000024f7295bfa0, 0x0000024f72ab0de0, 0x0000024f7425fb30,
0x0000024f74260050, 0x0000024f72bfb160, 0x0000024f724f5ad0, 0x0000024f72ab2220,
0x0000024f72aaf9a0, 0x0000024f72ab1d10, 0x0000024f72ab08d0, 0x0000024f72ab1800,
0x0000024f72aafeb0, 0x0000024f724f4590
}

Java Threads: ( => current thread )
  0x0000024f49ab5d00 JavaThread "main" [_thread_blocked, id=23332, stack(0x000000bd75c00000,0x000000bd75d00000)]
  0x0000024f6ce23660 JavaThread "Reference Handler" daemon [_thread_blocked, id=28032, stack(0x000000bd76300000,0x000000bd76400000)]
  0x0000024f6ce23e30 JavaThread "Finalizer" daemon [_thread_blocked, id=10064, stack(0x000000bd76400000,0x000000bd76500000)]
  0x0000024f6ce34380 JavaThread "Signal Dispatcher" daemon [_thread_blocked, id=27612, stack(0x000000bd76500000,0x000000bd76600000)]
  0x0000024f6ce34b50 JavaThread "Attach Listener" daemon [_thread_blocked, id=11424, stack(0x000000bd76600000,0x000000bd76700000)]
  0x0000024f6ce39130 JavaThread "Service Thread" daemon [_thread_blocked, id=5204, stack(0x000000bd76700000,0x000000bd76800000)]
  0x0000024f6ce3f730 JavaThread "Monitor Deflation Thread" daemon [_thread_blocked, id=26372, stack(0x000000bd76800000,0x000000bd76900000)]
  0x0000024f6ce44500 JavaThread "C2 CompilerThread0" daemon [_thread_blocked, id=6816, stack(0x000000bd76900000,0x000000bd76a00000)]
  0x0000024f6ce4eaf0 JavaThread "C1 CompilerThread0" daemon [_thread_blocked, id=2932, stack(0x000000bd76a00000,0x000000bd76b00000)]
  0x0000024f6ce51020 JavaThread "Sweeper thread" daemon [_thread_blocked, id=11964, stack(0x000000bd76b00000,0x000000bd76c00000)]
  0x0000024f6ce5e410 JavaThread "Common-Cleaner" daemon [_thread_blocked, id=2760, stack(0x000000bd76c00000,0x000000bd76d00000)]
  0x0000024f6db26230 JavaThread "Monitor Ctrl-Break" daemon [_thread_in_native, id=2920, stack(0x000000bd77100000,0x000000bd77200000)]
  0x0000024f6dbe6120 JavaThread "Notification Thread" daemon [_thread_blocked, id=13044, stack(0x000000bd77200000,0x000000bd77300000)]
  0x0000024f72509070 JavaThread "Thread-0" [_thread_blocked, id=2124, stack(0x000000bd77b00000,0x000000bd77c00000)]
  0x0000024f729d2640 JavaThread "restartedMain" [_thread_blocked, id=15912, stack(0x000000bd77c00000,0x000000bd77d00000)]
  0x0000024f72a14020 JavaThread "RMI TCP Accept-0" daemon [_thread_in_native, id=7212, stack(0x000000bd77d00000,0x000000bd77e00000)]
  0x0000024f72a0a730 JavaThread "RMI TCP Connection(1)-192.168.1.76" daemon [_thread_in_native, id=11368, stack(0x000000bd77e00000,0x000000bd77f00000)]
  0x0000024f7295bfa0 JavaThread "RMI Scheduler(0)" daemon [_thread_blocked, id=11416, stack(0x000000bd77f00000,0x000000bd78000000)]
  0x0000024f72ab0de0 JavaThread "JMX server connection timeout 31" daemon [_thread_blocked, id=18068, stack(0x000000bd78000000,0x000000bd78100000)]
  0x0000024f7425fb30 JavaThread "C1 CompilerThread1" daemon [_thread_blocked, id=23408, stack(0x000000bd76d00000,0x000000bd76e00000)]
  0x0000024f74260050 JavaThread "C1 CompilerThread2" daemon [_thread_blocked, id=9516, stack(0x000000bd76e00000,0x000000bd76f00000)]
  0x0000024f72bfb160 JavaThread "C2 CompilerThread1" daemon [_thread_blocked, id=2420, stack(0x000000bd78300000,0x000000bd78400000)]
  0x0000024f724f5ad0 JavaThread "C1 CompilerThread3" daemon [_thread_blocked, id=18844, stack(0x000000bd78c00000,0x000000bd78d00000)]
  0x0000024f72ab2220 JavaThread "Catalina-utility-1" [_thread_blocked, id=24988, stack(0x000000bd78d00000,0x000000bd78e00000)]
  0x0000024f72aaf9a0 JavaThread "Catalina-utility-2" [_thread_blocked, id=14796, stack(0x000000bd78e00000,0x000000bd78f00000)]
  0x0000024f72ab1d10 JavaThread "container-0" [_thread_blocked, id=10920, stack(0x000000bd78f00000,0x000000bd79000000)]
  0x0000024f72ab08d0 JavaThread "PostgreSQL-JDBC-Cleaner" daemon [_thread_blocked, id=16240, stack(0x000000bd79000000,0x000000bd79100000)]
  0x0000024f72ab1800 JavaThread "HikariPool-1:housekeeper" daemon [_thread_blocked, id=15280, stack(0x000000bd79100000,0x000000bd79200000)]
  0x0000024f72aafeb0 JavaThread "HikariPool-1:connection-adder" daemon [_thread_blocked, id=17496, stack(0x000000bd79200000,0x000000bd79300000)]
  0x0000024f724f4590 JavaThread "C2 CompilerThread2" daemon [_thread_blocked, id=27664, stack(0x000000bd78400000,0x000000bd78500000)]

Other Threads:
=>0x0000024f6ce1e120 VMThread "VM Thread" [stack: 0x000000bd76200000,0x000000bd76300000] [id=3136]
  0x0000024f6dbd5220 WatcherThread [stack: 0x000000bd77300000,0x000000bd77400000] [id=17124]
  0x0000024f49b21760 GCTaskThread "GC Thread#0" [stack: 0x000000bd75d00000,0x000000bd75e00000] [id=12996]
  0x0000024f728cec60 GCTaskThread "GC Thread#1" [stack: 0x000000bd77400000,0x000000bd77500000] [id=18496]
  0x0000024f728fbb80 GCTaskThread "GC Thread#2" [stack: 0x000000bd77500000,0x000000bd77600000] [id=20636]
  0x0000024f728fbe40 GCTaskThread "GC Thread#3" [stack: 0x000000bd77600000,0x000000bd77700000] [id=8104]
  0x0000024f728fc100 GCTaskThread "GC Thread#4" [stack: 0x000000bd77700000,0x000000bd77800000] [id=27196]
  0x0000024f728fc7d0 GCTaskThread "GC Thread#5" [stack: 0x000000bd77800000,0x000000bd77900000] [id=27680]
  0x0000024f72939de0 GCTaskThread "GC Thread#6" [stack: 0x000000bd77900000,0x000000bd77a00000] [id=24844]
  0x0000024f728c81c0 GCTaskThread "GC Thread#7" [stack: 0x000000bd77a00000,0x000000bd77b00000] [id=11896]
  0x0000024f72bd0a90 GCTaskThread "GC Thread#8" [stack: 0x000000bd77000000,0x000000bd77100000] [id=9524]
  0x0000024f72bd0d50 GCTaskThread "GC Thread#9" [stack: 0x000000bd78100000,0x000000bd78200000] [id=27744]
  0x0000024f72bd1010 GCTaskThread "GC Thread#10" [stack: 0x000000bd78200000,0x000000bd78300000] [id=20212]
  0x0000024f73f8af70 GCTaskThread "GC Thread#11" [stack: 0x000000bd78500000,0x000000bd78600000] [id=2380]
  0x0000024f73f8a730 GCTaskThread "GC Thread#12" [stack: 0x000000bd78600000,0x000000bd78700000] [id=8136]
  0x0000024f73f8acb0 GCTaskThread "GC Thread#13" [stack: 0x000000bd78700000,0x000000bd78800000] [id=22768]
  0x0000024f73f8a1b0 GCTaskThread "GC Thread#14" [stack: 0x000000bd78800000,0x000000bd78900000] [id=9140]
  0x0000024f49b320b0 ConcurrentGCThread "G1 Main Marker" [stack: 0x000000bd75e00000,0x000000bd75f00000] [id=15420]
  0x0000024f49b337a0 ConcurrentGCThread "G1 Conc#0" [stack: 0x000000bd75f00000,0x000000bd76000000] [id=13708]
  0x0000024f73f8b230 ConcurrentGCThread "G1 Conc#1" [stack: 0x000000bd78900000,0x000000bd78a00000] [id=23712]
  0x0000024f73f896b0 ConcurrentGCThread "G1 Conc#2" [stack: 0x000000bd78a00000,0x000000bd78b00000] [id=26620]
  0x0000024f73f89970 ConcurrentGCThread "G1 Conc#3" [stack: 0x000000bd78b00000,0x000000bd78c00000] [id=6940]
  0x0000024f6cd51f70 ConcurrentGCThread "G1 Refine#0" [stack: 0x000000bd76000000,0x000000bd76100000] [id=19016]
  0x0000024f745d2a00 ConcurrentGCThread "G1 Refine#1" [stack: 0x000000bd79300000,0x000000bd79400000] [id=4496]
  0x0000024f745d2cf0 ConcurrentGCThread "G1 Refine#2" [stack: 0x000000bd79400000,0x000000bd79500000] [id=13576]
  0x0000024f745d35c0 ConcurrentGCThread "G1 Refine#3" [stack: 0x000000bd79500000,0x000000bd79600000] [id=15324]
  0x0000024f745d38b0 ConcurrentGCThread "G1 Refine#4" [stack: 0x000000bd79600000,0x000000bd79700000] [id=3732]
  0x0000024f6cd54470 ConcurrentGCThread "G1 Service" [stack: 0x000000bd76100000,0x000000bd76200000] [id=25252]

Threads with active compile tasks:
C2 CompilerThread0    11283 9014       4       jdk.internal.org.objectweb.asm.MethodWriter::computeAllFrames (510 bytes)
C1 CompilerThread0    11283 9168       3       org.springframework.cglib.proxy.Enhancer::getCallbackField (7 bytes)
C2 CompilerThread1    11283 9016       4       java.lang.Class::getMethodsRecursive (99 bytes)
C2 CompilerThread2    11283 9007       4       org.antlr.v4.runtime.BufferedTokenStream::nextTokenOnChannel (85 bytes)

VM state: at safepoint (normal execution)

VM Mutex/Monitor currently owned by a thread:  ([mutex/lock_event])
[0x0000024f49aafae0] Threads_lock - owner thread: 0x0000024f6ce1e120
[0x0000024f49ab0620] Heap_lock - owner thread: 0x0000024f729d2640

Heap address: 0x0000000706000000, size: 4000 MB, Compressed Oops mode: Zero based, Oop shift amount: 3

CDS archive(s) mapped at: [0x0000024f00000000-0x0000024f00bb0000-0x0000024f00bb0000), size 12255232, SharedBaseAddress: 0x0000024f00000000, ArchiveRelocationMode: 1.
Compressed class space mapped at: 0x0000024f01000000-0x0000024f41000000, reserved size: 1073741824
Narrow klass base: 0x0000024f00000000, Narrow klass shift: 0, Narrow klass range: 0x100000000

GC Precious Log:
 CPUs: 20 total, 20 available
 Memory: 15995M
 Large Page Support: Disabled
 NUMA Support: Disabled
 Compressed Oops: Enabled (Zero based)
 Heap Region Size: 2M
 Heap Min Capacity: 8M
 Heap Initial Capacity: 250M
 Heap Max Capacity: 4000M
 Pre-touch: Disabled
 Parallel Workers: 15
 Concurrent Workers: 4
 Concurrent Refinement Workers: 15
 Periodic GC: Disabled

Heap:
 garbage-first heap   total 256000K, used 65432K [0x0000000706000000, 0x0000000800000000)
  region size 2048K, 2 young (4096K), 2 survivors (4096K)
 Metaspace       used 77840K, committed 78464K, reserved 1179648K
  class space    used 10848K, committed 11136K, reserved 1048576K

Heap Regions: E=young(eden), S=young(survivor), O=old, HS=humongous(starts), HC=humongous(continues), CS=collection set, F=free, OA=open archive, CA=closed archive, TAMS=top-at-mark-start (previous, next)
|   0|0x0000000706000000, 0x0000000706200000, 0x0000000706200000|100%| O|  |TAMS 0x0000000706200000, 0x0000000706200000| Untracked 
|   1|0x0000000706200000, 0x0000000706400000, 0x0000000706400000|100%| O|  |TAMS 0x0000000706400000, 0x0000000706400000| Untracked 
|   2|0x0000000706400000, 0x0000000706600000, 0x0000000706600000|100%| O|  |TAMS 0x0000000706600000, 0x0000000706600000| Untracked 
|   3|0x0000000706600000, 0x0000000706800000, 0x0000000706800000|100%| O|  |TAMS 0x0000000706800000, 0x0000000706800000| Untracked 
|   4|0x0000000706800000, 0x0000000706a00000, 0x0000000706a00000|100%| O|  |TAMS 0x0000000706a00000, 0x0000000706a00000| Untracked 
|   5|0x0000000706a00000, 0x0000000706c00000, 0x0000000706c00000|100%| O|  |TAMS 0x0000000706c00000, 0x0000000706c00000| Untracked 
|   6|0x0000000706c00000, 0x0000000706e00000, 0x0000000706e00000|100%| O|  |TAMS 0x0000000706e00000, 0x0000000706e00000| Untracked 
|   7|0x0000000706e00000, 0x0000000707000000, 0x0000000707000000|100%| O|  |TAMS 0x0000000707000000, 0x0000000707000000| Untracked 
|   8|0x0000000707000000, 0x0000000707200000, 0x0000000707200000|100%| O|  |TAMS 0x0000000707200000, 0x0000000707200000| Untracked 
|   9|0x0000000707200000, 0x0000000707400000, 0x0000000707400000|100%| O|  |TAMS 0x0000000707400000, 0x0000000707400000| Untracked 
|  10|0x0000000707400000, 0x0000000707600000, 0x0000000707600000|100%| O|  |TAMS 0x0000000707600000, 0x0000000707600000| Untracked 
|  11|0x0000000707600000, 0x0000000707800000, 0x0000000707800000|100%| O|  |TAMS 0x0000000707800000, 0x0000000707800000| Untracked 
|  12|0x0000000707800000, 0x0000000707800000, 0x0000000707a00000|  0%| F|  |TAMS 0x0000000707800000, 0x0000000707800000| Untracked 
|  13|0x0000000707a00000, 0x0000000707c00000, 0x0000000707c00000|100%| O|  |TAMS 0x0000000707c00000, 0x0000000707c00000| Untracked 
|  14|0x0000000707c00000, 0x0000000707e00000, 0x0000000707e00000|100%| O|  |TAMS 0x0000000707e00000, 0x0000000707e00000| Untracked 
|  15|0x0000000707e00000, 0x0000000708000000, 0x0000000708000000|100%| O|  |TAMS 0x0000000708000000, 0x0000000708000000| Untracked 
|  16|0x0000000708000000, 0x0000000708200000, 0x0000000708200000|100%| O|  |TAMS 0x0000000708200000, 0x0000000708200000| Untracked 
|  17|0x0000000708200000, 0x0000000708400000, 0x0000000708400000|100%| O|  |TAMS 0x0000000708400000, 0x0000000708400000| Untracked 
|  18|0x0000000708400000, 0x0000000708600000, 0x0000000708600000|100%| O|  |TAMS 0x0000000708600000, 0x0000000708600000| Untracked 
|  19|0x0000000708600000, 0x0000000708800000, 0x0000000708800000|100%| O|  |TAMS 0x0000000708800000, 0x0000000708800000| Untracked 
|  20|0x0000000708800000, 0x0000000708a00000, 0x0000000708a00000|100%| O|  |TAMS 0x0000000708a00000, 0x0000000708a00000| Untracked 
|  21|0x0000000708a00000, 0x0000000708c00000, 0x0000000708c00000|100%| O|  |TAMS 0x0000000708c00000, 0x0000000708c00000| Untracked 
|  22|0x0000000708c00000, 0x0000000708e00000, 0x0000000708e00000|100%| O|  |TAMS 0x0000000708e00000, 0x0000000708e00000| Untracked 
|  23|0x0000000708e00000, 0x0000000709000000, 0x0000000709000000|100%| O|  |TAMS 0x0000000709000000, 0x0000000709000000| Untracked 
|  24|0x0000000709000000, 0x0000000709200000, 0x0000000709200000|100%| O|  |TAMS 0x0000000709200000, 0x0000000709200000| Untracked 
|  25|0x0000000709200000, 0x0000000709400000, 0x0000000709400000|100%| O|  |TAMS 0x0000000709400000, 0x0000000709400000| Untracked 
|  26|0x0000000709400000, 0x0000000709600000, 0x0000000709600000|100%| O|  |TAMS 0x0000000709600000, 0x0000000709600000| Untracked 
|  27|0x0000000709600000, 0x0000000709800000, 0x0000000709800000|100%| O|  |TAMS 0x0000000709800000, 0x0000000709800000| Untracked 
|  28|0x0000000709800000, 0x0000000709a00000, 0x0000000709a00000|100%| O|  |TAMS 0x0000000709a00000, 0x0000000709a00000| Untracked 
|  29|0x0000000709a00000, 0x0000000709c00000, 0x0000000709c00000|100%| O|  |TAMS 0x0000000709c00000, 0x0000000709c00000| Untracked 
|  30|0x0000000709c00000, 0x0000000709e00000, 0x0000000709e00000|100%| O|  |TAMS 0x0000000709e00000, 0x0000000709e00000| Untracked 
|  31|0x0000000709e00000, 0x0000000709eab600, 0x000000070a000000| 33%| O|  |TAMS 0x0000000709eab600, 0x0000000709eab600| Untracked 
|  32|0x000000070a000000, 0x000000070a000000, 0x000000070a200000|  0%| F|  |TAMS 0x000000070a000000, 0x000000070a000000| Untracked 
|  33|0x000000070a200000, 0x000000070a200000, 0x000000070a400000|  0%| F|  |TAMS 0x000000070a200000, 0x000000070a200000| Untracked 
|  34|0x000000070a400000, 0x000000070a400000, 0x000000070a600000|  0%| F|  |TAMS 0x000000070a400000, 0x000000070a400000| Untracked 
|  35|0x000000070a600000, 0x000000070a600000, 0x000000070a800000|  0%| F|  |TAMS 0x000000070a600000, 0x000000070a600000| Untracked 
|  36|0x000000070a800000, 0x000000070a800000, 0x000000070aa00000|  0%| F|  |TAMS 0x000000070a800000, 0x000000070a800000| Untracked 
|  37|0x000000070aa00000, 0x000000070aa00000, 0x000000070ac00000|  0%| F|  |TAMS 0x000000070aa00000, 0x000000070aa00000| Untracked 
|  38|0x000000070ac00000, 0x000000070ac00000, 0x000000070ae00000|  0%| F|  |TAMS 0x000000070ac00000, 0x000000070ac00000| Untracked 
|  39|0x000000070ae00000, 0x000000070ae00000, 0x000000070b000000|  0%| F|  |TAMS 0x000000070ae00000, 0x000000070ae00000| Untracked 
|  40|0x000000070b000000, 0x000000070b000000, 0x000000070b200000|  0%| F|  |TAMS 0x000000070b000000, 0x000000070b000000| Untracked 
|  41|0x000000070b200000, 0x000000070b200000, 0x000000070b400000|  0%| F|  |TAMS 0x000000070b200000, 0x000000070b200000| Untracked 
|  42|0x000000070b400000, 0x000000070b400000, 0x000000070b600000|  0%| F|  |TAMS 0x000000070b400000, 0x000000070b400000| Untracked 
|  43|0x000000070b600000, 0x000000070b600000, 0x000000070b800000|  0%| F|  |TAMS 0x000000070b600000, 0x000000070b600000| Untracked 
|  44|0x000000070b800000, 0x000000070b800000, 0x000000070ba00000|  0%| F|  |TAMS 0x000000070b800000, 0x000000070b800000| Untracked 
|  45|0x000000070ba00000, 0x000000070ba00000, 0x000000070bc00000|  0%| F|  |TAMS 0x000000070ba00000, 0x000000070ba00000| Untracked 
|  46|0x000000070bc00000, 0x000000070bc00000, 0x000000070be00000|  0%| F|  |TAMS 0x000000070bc00000, 0x000000070bc00000| Untracked 
|  47|0x000000070be00000, 0x000000070be00000, 0x000000070c000000|  0%| F|  |TAMS 0x000000070be00000, 0x000000070be00000| Untracked 
|  48|0x000000070c000000, 0x000000070c13abb0, 0x000000070c200000| 61%| S|CS|TAMS 0x000000070c000000, 0x000000070c000000| Complete 
|  49|0x000000070c200000, 0x000000070c400000, 0x000000070c400000|100%| S|CS|TAMS 0x000000070c200000, 0x000000070c200000| Complete 
|  50|0x000000070c400000, 0x000000070c400000, 0x000000070c600000|  0%| F|  |TAMS 0x000000070c400000, 0x000000070c400000| Untracked 
|  51|0x000000070c600000, 0x000000070c600000, 0x000000070c800000|  0%| F|  |TAMS 0x000000070c600000, 0x000000070c600000| Untracked 
|  52|0x000000070c800000, 0x000000070c800000, 0x000000070ca00000|  0%| F|  |TAMS 0x000000070c800000, 0x000000070c800000| Untracked 
|  53|0x000000070ca00000, 0x000000070ca00000, 0x000000070cc00000|  0%| F|  |TAMS 0x000000070ca00000, 0x000000070ca00000| Untracked 
|  54|0x000000070cc00000, 0x000000070cc00000, 0x000000070ce00000|  0%| F|  |TAMS 0x000000070cc00000, 0x000000070cc00000| Untracked 
|  55|0x000000070ce00000, 0x000000070ce00000, 0x000000070d000000|  0%| F|  |TAMS 0x000000070ce00000, 0x000000070ce00000| Untracked 
|  56|0x000000070d000000, 0x000000070d000000, 0x000000070d200000|  0%| F|  |TAMS 0x000000070d000000, 0x000000070d000000| Untracked 
|  57|0x000000070d200000, 0x000000070d200000, 0x000000070d400000|  0%| F|  |TAMS 0x000000070d200000, 0x000000070d200000| Untracked 
|  58|0x000000070d400000, 0x000000070d400000, 0x000000070d600000|  0%| F|  |TAMS 0x000000070d400000, 0x000000070d400000| Untracked 
|  59|0x000000070d600000, 0x000000070d600000, 0x000000070d800000|  0%| F|  |TAMS 0x000000070d600000, 0x000000070d600000| Untracked 
|  60|0x000000070d800000, 0x000000070d800000, 0x000000070da00000|  0%| F|  |TAMS 0x000000070d800000, 0x000000070d800000| Untracked 
|  61|0x000000070da00000, 0x000000070da00000, 0x000000070dc00000|  0%| F|  |TAMS 0x000000070da00000, 0x000000070da00000| Untracked 
|  62|0x000000070dc00000, 0x000000070dc00000, 0x000000070de00000|  0%| F|  |TAMS 0x000000070dc00000, 0x000000070dc00000| Untracked 
|  63|0x000000070de00000, 0x000000070de00000, 0x000000070e000000|  0%| F|  |TAMS 0x000000070de00000, 0x000000070de00000| Untracked 
|  64|0x000000070e000000, 0x000000070e000000, 0x000000070e200000|  0%| F|  |TAMS 0x000000070e000000, 0x000000070e000000| Untracked 
|  65|0x000000070e200000, 0x000000070e200000, 0x000000070e400000|  0%| F|  |TAMS 0x000000070e200000, 0x000000070e200000| Untracked 
|  66|0x000000070e400000, 0x000000070e400000, 0x000000070e600000|  0%| F|  |TAMS 0x000000070e400000, 0x000000070e400000| Untracked 
|  67|0x000000070e600000, 0x000000070e600000, 0x000000070e800000|  0%| F|  |TAMS 0x000000070e600000, 0x000000070e600000| Untracked 
|  68|0x000000070e800000, 0x000000070e800000, 0x000000070ea00000|  0%| F|  |TAMS 0x000000070e800000, 0x000000070e800000| Untracked 
|  69|0x000000070ea00000, 0x000000070ea00000, 0x000000070ec00000|  0%| F|  |TAMS 0x000000070ea00000, 0x000000070ea00000| Untracked 
|  70|0x000000070ec00000, 0x000000070ec00000, 0x000000070ee00000|  0%| F|  |TAMS 0x000000070ec00000, 0x000000070ec00000| Untracked 
|  71|0x000000070ee00000, 0x000000070ee00000, 0x000000070f000000|  0%| F|  |TAMS 0x000000070ee00000, 0x000000070ee00000| Untracked 
|  72|0x000000070f000000, 0x000000070f000000, 0x000000070f200000|  0%| F|  |TAMS 0x000000070f000000, 0x000000070f000000| Untracked 
|  73|0x000000070f200000, 0x000000070f200000, 0x000000070f400000|  0%| F|  |TAMS 0x000000070f200000, 0x000000070f200000| Untracked 
|  74|0x000000070f400000, 0x000000070f400000, 0x000000070f600000|  0%| F|  |TAMS 0x000000070f400000, 0x000000070f400000| Untracked 
|  75|0x000000070f600000, 0x000000070f600000, 0x000000070f800000|  0%| F|  |TAMS 0x000000070f600000, 0x000000070f600000| Untracked 
|  76|0x000000070f800000, 0x000000070f800000, 0x000000070fa00000|  0%| F|  |TAMS 0x000000070f800000, 0x000000070f800000| Untracked 
|  77|0x000000070fa00000, 0x000000070fa00000, 0x000000070fc00000|  0%| F|  |TAMS 0x000000070fa00000, 0x000000070fa00000| Untracked 
|  78|0x000000070fc00000, 0x000000070fc00000, 0x000000070fe00000|  0%| F|  |TAMS 0x000000070fc00000, 0x000000070fc00000| Untracked 
|  79|0x000000070fe00000, 0x000000070fe00000, 0x0000000710000000|  0%| F|  |TAMS 0x000000070fe00000, 0x000000070fe00000| Untracked 
|  80|0x0000000710000000, 0x0000000710000000, 0x0000000710200000|  0%| F|  |TAMS 0x0000000710000000, 0x0000000710000000| Untracked 
|  81|0x0000000710200000, 0x0000000710200000, 0x0000000710400000|  0%| F|  |TAMS 0x0000000710200000, 0x0000000710200000| Untracked 
|  82|0x0000000710400000, 0x0000000710400000, 0x0000000710600000|  0%| F|  |TAMS 0x0000000710400000, 0x0000000710400000| Untracked 
|  83|0x0000000710600000, 0x0000000710600000, 0x0000000710800000|  0%| F|  |TAMS 0x0000000710600000, 0x0000000710600000| Untracked 
|  84|0x0000000710800000, 0x0000000710800000, 0x0000000710a00000|  0%| F|  |TAMS 0x0000000710800000, 0x0000000710800000| Untracked 
|  85|0x0000000710a00000, 0x0000000710a00000, 0x0000000710c00000|  0%| F|  |TAMS 0x0000000710a00000, 0x0000000710a00000| Untracked 
|  86|0x0000000710c00000, 0x0000000710c00000, 0x0000000710e00000|  0%| F|  |TAMS 0x0000000710c00000, 0x0000000710c00000| Untracked 
|  87|0x0000000710e00000, 0x0000000710e00000, 0x0000000711000000|  0%| F|  |TAMS 0x0000000710e00000, 0x0000000710e00000| Untracked 
|  88|0x0000000711000000, 0x0000000711000000, 0x0000000711200000|  0%| F|  |TAMS 0x0000000711000000, 0x0000000711000000| Untracked 
|  89|0x0000000711200000, 0x0000000711200000, 0x0000000711400000|  0%| F|  |TAMS 0x0000000711200000, 0x0000000711200000| Untracked 
|  90|0x0000000711400000, 0x0000000711400000, 0x0000000711600000|  0%| F|  |TAMS 0x0000000711400000, 0x0000000711400000| Untracked 
|  91|0x0000000711600000, 0x0000000711600000, 0x0000000711800000|  0%| F|  |TAMS 0x0000000711600000, 0x0000000711600000| Untracked 
|  92|0x0000000711800000, 0x0000000711800000, 0x0000000711a00000|  0%| F|  |TAMS 0x0000000711800000, 0x0000000711800000| Untracked 
|  93|0x0000000711a00000, 0x0000000711a00000, 0x0000000711c00000|  0%| F|  |TAMS 0x0000000711a00000, 0x0000000711a00000| Untracked 
|  94|0x0000000711c00000, 0x0000000711c00000, 0x0000000711e00000|  0%| F|  |TAMS 0x0000000711c00000, 0x0000000711c00000| Untracked 
|  95|0x0000000711e00000, 0x0000000711e00000, 0x0000000712000000|  0%| F|  |TAMS 0x0000000711e00000, 0x0000000711e00000| Untracked 
|  96|0x0000000712000000, 0x0000000712000000, 0x0000000712200000|  0%| F|  |TAMS 0x0000000712000000, 0x0000000712000000| Untracked 
|  97|0x0000000712200000, 0x0000000712200000, 0x0000000712400000|  0%| F|  |TAMS 0x0000000712200000, 0x0000000712200000| Untracked 
|  98|0x0000000712400000, 0x0000000712400000, 0x0000000712600000|  0%| F|  |TAMS 0x0000000712400000, 0x0000000712400000| Untracked 
|  99|0x0000000712600000, 0x0000000712600000, 0x0000000712800000|  0%| F|  |TAMS 0x0000000712600000, 0x0000000712600000| Untracked 
| 100|0x0000000712800000, 0x0000000712800000, 0x0000000712a00000|  0%| F|  |TAMS 0x0000000712800000, 0x0000000712800000| Untracked 
| 101|0x0000000712a00000, 0x0000000712a00000, 0x0000000712c00000|  0%| F|  |TAMS 0x0000000712a00000, 0x0000000712a00000| Untracked 
| 102|0x0000000712c00000, 0x0000000712c00000, 0x0000000712e00000|  0%| F|  |TAMS 0x0000000712c00000, 0x0000000712c00000| Untracked 
| 103|0x0000000712e00000, 0x0000000712e00000, 0x0000000713000000|  0%| F|  |TAMS 0x0000000712e00000, 0x0000000712e00000| Untracked 
| 104|0x0000000713000000, 0x0000000713000000, 0x0000000713200000|  0%| F|  |TAMS 0x0000000713000000, 0x0000000713000000| Untracked 
| 105|0x0000000713200000, 0x0000000713200000, 0x0000000713400000|  0%| F|  |TAMS 0x0000000713200000, 0x0000000713200000| Untracked 
| 106|0x0000000713400000, 0x0000000713400000, 0x0000000713600000|  0%| F|  |TAMS 0x0000000713400000, 0x0000000713400000| Untracked 
| 107|0x0000000713600000, 0x0000000713600000, 0x0000000713800000|  0%| F|  |TAMS 0x0000000713600000, 0x0000000713600000| Untracked 
| 108|0x0000000713800000, 0x0000000713800000, 0x0000000713a00000|  0%| F|  |TAMS 0x0000000713800000, 0x0000000713800000| Untracked 
| 109|0x0000000713a00000, 0x0000000713a00000, 0x0000000713c00000|  0%| F|  |TAMS 0x0000000713a00000, 0x0000000713a00000| Untracked 
| 110|0x0000000713c00000, 0x0000000713c00000, 0x0000000713e00000|  0%| F|  |TAMS 0x0000000713c00000, 0x0000000713c00000| Untracked 
| 111|0x0000000713e00000, 0x0000000713e00000, 0x0000000714000000|  0%| F|  |TAMS 0x0000000713e00000, 0x0000000713e00000| Untracked 
| 112|0x0000000714000000, 0x0000000714000000, 0x0000000714200000|  0%| F|  |TAMS 0x0000000714000000, 0x0000000714000000| Untracked 
| 113|0x0000000714200000, 0x0000000714200000, 0x0000000714400000|  0%| F|  |TAMS 0x0000000714200000, 0x0000000714200000| Untracked 
| 114|0x0000000714400000, 0x0000000714400000, 0x0000000714600000|  0%| F|  |TAMS 0x0000000714400000, 0x0000000714400000| Untracked 
| 115|0x0000000714600000, 0x0000000714600000, 0x0000000714800000|  0%| F|  |TAMS 0x0000000714600000, 0x0000000714600000| Untracked 
| 116|0x0000000714800000, 0x0000000714800000, 0x0000000714a00000|  0%| F|  |TAMS 0x0000000714800000, 0x0000000714800000| Untracked 
| 117|0x0000000714a00000, 0x0000000714a00000, 0x0000000714c00000|  0%| F|  |TAMS 0x0000000714a00000, 0x0000000714a00000| Untracked 
| 118|0x0000000714c00000, 0x0000000714c00000, 0x0000000714e00000|  0%| F|  |TAMS 0x0000000714c00000, 0x0000000714c00000| Untracked 
| 119|0x0000000714e00000, 0x0000000714e00000, 0x0000000715000000|  0%| F|  |TAMS 0x0000000714e00000, 0x0000000714e00000| Untracked 
| 120|0x0000000715000000, 0x0000000715000000, 0x0000000715200000|  0%| F|  |TAMS 0x0000000715000000, 0x0000000715000000| Untracked 
| 121|0x0000000715200000, 0x0000000715200000, 0x0000000715400000|  0%| F|  |TAMS 0x0000000715200000, 0x0000000715200000| Untracked 
| 122|0x0000000715400000, 0x0000000715400000, 0x0000000715600000|  0%| F|  |TAMS 0x0000000715400000, 0x0000000715400000| Untracked 
| 123|0x0000000715600000, 0x0000000715600000, 0x0000000715800000|  0%| F|  |TAMS 0x0000000715600000, 0x0000000715600000| Untracked 
| 124|0x0000000715800000, 0x0000000715800000, 0x0000000715a00000|  0%| F|  |TAMS 0x0000000715800000, 0x0000000715800000| Untracked 

Card table byte_map: [0x0000024f61860000,0x0000024f62030000] _byte_map_base: 0x0000024f5e030000

Marking Bits (Prev, Next): (CMBitMap*) 0x0000024f49b21d80, (CMBitMap*) 0x0000024f49b21dc0
 Prev Bits: [0x0000024f62800000, 0x0000024f66680000)
 Next Bits: [0x0000024f66680000, 0x0000024f6a500000)

Polling page: 0x0000024f47980000

Metaspace:

Usage:
  Non-class:     65.42 MB used.
      Class:     10.59 MB used.
       Both:     76.02 MB used.

Virtual space:
  Non-class space:      128.00 MB reserved,      65.75 MB ( 51%) committed,  2 nodes.
      Class space:        1.00 GB reserved,      10.88 MB (  1%) committed,  1 nodes.
             Both:        1.12 GB reserved,      76.62 MB (  7%) committed. 

Chunk freelists:
   Non-Class:  13.84 MB
       Class:  5.16 MB
        Both:  19.00 MB

MaxMetaspaceSize: unlimited
CompressedClassSpaceSize: 1.00 GB
Initial GC threshold: 21.00 MB
Current GC threshold: 127.00 MB
CDS: on
MetaspaceReclaimPolicy: balanced
 - commit_granule_bytes: 65536.
 - commit_granule_words: 8192.
 - virtual_space_node_default_size: 8388608.
 - enlarge_chunks_in_place: 1.
 - new_chunks_are_fully_committed: 0.
 - uncommit_free_chunks: 1.
 - use_allocation_guard: 0.
 - handle_deallocations: 1.


Internal statistics:

num_allocs_failed_limit: 12.
num_arena_births: 920.
num_arena_deaths: 2.
num_vsnodes_births: 3.
num_vsnodes_deaths: 0.
num_space_committed: 1226.
num_space_uncommitted: 0.
num_chunks_returned_to_freelist: 15.
num_chunks_taken_from_freelist: 3822.
num_chunk_merges: 12.
num_chunk_splits: 2709.
num_chunks_enlarged: 2084.
num_inconsistent_stats: 0.

CodeHeap 'non-profiled nmethods': size=119168Kb used=5525Kb max_used=5525Kb free=113642Kb
 bounds [0x0000024f59190000, 0x0000024f59700000, 0x0000024f605f0000]
CodeHeap 'profiled nmethods': size=119104Kb used=16737Kb max_used=16737Kb free=102366Kb
 bounds [0x0000024f515f0000, 0x0000024f52650000, 0x0000024f58a40000]
CodeHeap 'non-nmethods': size=7488Kb used=3042Kb max_used=3125Kb free=4445Kb
 bounds [0x0000024f58a40000, 0x0000024f58d50000, 0x0000024f59190000]
 total_blobs=9030 nmethods=8344 adapters=594
 compilation: enabled
              stopped_count=0, restarted_count=0
 full_count=0

Compilation events (20 events):
Event: 10.143 Thread 0x0000024f6ce4eaf0 9159       3       java.util.Collections$EmptyList::spliterator (4 bytes)
Event: 10.143 Thread 0x0000024f7425fb30 nmethod 9160 0x0000024f596f5090 code [0x0000024f596f5220, 0x0000024f596f52f8]
Event: 10.143 Thread 0x0000024f6ce4eaf0 nmethod 9159 0x0000024f52643010 code [0x0000024f526431a0, 0x0000024f52643318]
Event: 10.143 Thread 0x0000024f7425fb30 9161       3       org.springframework.data.jpa.repository.query.JpaQueryMethod::getMergedOrDefaultAnnotationValue (36 bytes)
Event: 10.143 Thread 0x0000024f74260050 9162       3       java.util.regex.Pattern$Branch::<init> (37 bytes)
Event: 10.143 Thread 0x0000024f74260050 nmethod 9162 0x0000024f52643410 code [0x0000024f526435e0, 0x0000024f52643cb8]
Event: 10.143 Thread 0x0000024f6ce4eaf0 9163       3       java.lang.Class::isSealed (29 bytes)
Event: 10.143 Thread 0x0000024f74260050 9164       3       java.lang.Class::getPermittedSubclasses (103 bytes)
Event: 10.143 Thread 0x0000024f6ce4eaf0 nmethod 9163 0x0000024f52643e10 code [0x0000024f52643fc0, 0x0000024f52644258]
Event: 10.143 Thread 0x0000024f7425fb30 nmethod 9161 0x0000024f52644310 code [0x0000024f526445e0, 0x0000024f52645428]
Event: 10.144 Thread 0x0000024f74260050 nmethod 9164 0x0000024f52645910 code [0x0000024f52645c60, 0x0000024f52646ec8]
Event: 10.145 Thread 0x0000024f724f5ad0 9165       1       org.springframework.aop.framework.ProxyConfig::isOpaque (5 bytes)
Event: 10.145 Thread 0x0000024f724f5ad0 nmethod 9165 0x0000024f596f5390 code [0x0000024f596f5520, 0x0000024f596f55f8]
Event: 10.145 Thread 0x0000024f724f5ad0 9166       3       org.springframework.cglib.core.DuplicatesPredicate::evaluate (38 bytes)
Event: 10.145 Thread 0x0000024f6ce4eaf0 9167       3       java.lang.invoke.DirectMethodHandle$Holder::invokeSpecial (15 bytes)
Event: 10.145 Thread 0x0000024f724f5ad0 nmethod 9166 0x0000024f52647490 code [0x0000024f52647660, 0x0000024f52647ae8]
Event: 10.146 Thread 0x0000024f6ce4eaf0 nmethod 9167 0x0000024f52647c10 code [0x0000024f52647de0, 0x0000024f52648278]
Event: 10.146 Thread 0x0000024f6ce4eaf0 9168       3       org.springframework.cglib.proxy.Enhancer::getCallbackField (7 bytes)
Event: 10.146 Thread 0x0000024f7425fb30 9169       3       org.springframework.cglib.core.CodeEmitter::invoke_static (11 bytes)
Event: 10.146 Thread 0x0000024f7425fb30 nmethod 9169 0x0000024f52648390 code [0x0000024f52648520, 0x0000024f52648668]

GC Heap History (20 events):
Event: 8.408 GC heap after
{Heap after GC invocations=15 (full 0):
 garbage-first heap   total 159744K, used 30861K [0x0000000706000000, 0x0000000800000000)
  region size 2048K, 3 young (6144K), 3 survivors (6144K)
 Metaspace       used 59579K, committed 60096K, reserved 1114112K
  class space    used 7966K, committed 8256K, reserved 1048576K
}
Event: 9.243 GC heap before
{Heap before GC invocations=16 (full 0):
 garbage-first heap   total 116736K, used 94349K [0x0000000706000000, 0x0000000800000000)
  region size 2048K, 34 young (69632K), 3 survivors (6144K)
 Metaspace       used 69904K, committed 70528K, reserved 1114112K
  class space    used 9548K, committed 9856K, reserved 1048576K
}
Event: 9.247 GC heap after
{Heap after GC invocations=17 (full 0):
 garbage-first heap   total 116736K, used 33971K [0x0000000706000000, 0x0000000800000000)
  region size 2048K, 4 young (8192K), 4 survivors (8192K)
 Metaspace       used 69904K, committed 70528K, reserved 1114112K
  class space    used 9548K, committed 9856K, reserved 1048576K
}
Event: 9.275 GC heap before
{Heap before GC invocations=17 (full 0):
 garbage-first heap   total 116736K, used 33971K [0x0000000706000000, 0x0000000800000000)
  region size 2048K, 5 young (10240K), 4 survivors (8192K)
 Metaspace       used 70576K, committed 71232K, reserved 1114112K
  class space    used 9610K, committed 9920K, reserved 1048576K
}
Event: 9.278 GC heap after
{Heap after GC invocations=18 (full 0):
 garbage-first heap   total 116736K, used 34749K [0x0000000706000000, 0x0000000800000000)
  region size 2048K, 1 young (2048K), 1 survivors (2048K)
 Metaspace       used 70576K, committed 71232K, reserved 1114112K
  class space    used 9610K, committed 9920K, reserved 1048576K
}
Event: 9.606 GC heap before
{Heap before GC invocations=18 (full 0):
 garbage-first heap   total 116736K, used 87997K [0x0000000706000000, 0x0000000800000000)
  region size 2048K, 27 young (55296K), 1 survivors (2048K)
 Metaspace       used 75081K, committed 75648K, reserved 1114112K
  class space    used 10479K, committed 10752K, reserved 1048576K
}
Event: 9.608 GC heap after
{Heap after GC invocations=19 (full 0):
 garbage-first heap   total 116736K, used 36731K [0x0000000706000000, 0x0000000800000000)
  region size 2048K, 2 young (4096K), 2 survivors (4096K)
 Metaspace       used 75081K, committed 75648K, reserved 1114112K
  class space    used 10479K, committed 10752K, reserved 1048576K
}
Event: 9.846 GC heap before
{Heap before GC invocations=20 (full 0):
 garbage-first heap   total 116736K, used 89979K [0x0000000706000000, 0x0000000800000000)
  region size 2048K, 28 young (57344K), 2 survivors (4096K)
 Metaspace       used 77401K, committed 77952K, reserved 1179648K
  class space    used 10807K, committed 11072K, reserved 1048576K
}
Event: 9.849 GC heap after
{Heap after GC invocations=21 (full 0):
 garbage-first heap   total 116736K, used 38540K [0x0000000706000000, 0x0000000800000000)
  region size 2048K, 3 young (6144K), 3 survivors (6144K)
 Metaspace       used 77401K, committed 77952K, reserved 1179648K
  class space    used 10807K, committed 11072K, reserved 1048576K
}
Event: 9.899 GC heap before
{Heap before GC invocations=21 (full 0):
 garbage-first heap   total 116736K, used 91788K [0x0000000706000000, 0x0000000800000000)
  region size 2048K, 29 young (59392K), 3 survivors (6144K)
 Metaspace       used 77442K, committed 78016K, reserved 1179648K
  class space    used 10811K, committed 11072K, reserved 1048576K
}
Event: 9.904 GC heap after
{Heap after GC invocations=22 (full 0):
 garbage-first heap   total 116736K, used 50707K [0x0000000706000000, 0x0000000800000000)
  region size 2048K, 4 young (8192K), 4 survivors (8192K)
 Metaspace       used 77442K, committed 78016K, reserved 1179648K
  class space    used 10811K, committed 11072K, reserved 1048576K
}
Event: 9.941 GC heap before
{Heap before GC invocations=23 (full 0):
 garbage-first heap   total 116736K, used 85523K [0x0000000706000000, 0x0000000800000000)
  region size 2048K, 21 young (43008K), 4 survivors (8192K)
 Metaspace       used 77442K, committed 78016K, reserved 1179648K
  class space    used 10811K, committed 11072K, reserved 1048576K
}
Event: 9.945 GC heap after
{Heap after GC invocations=24 (full 0):
 garbage-first heap   total 161792K, used 61440K [0x0000000706000000, 0x0000000800000000)
  region size 2048K, 3 young (6144K), 3 survivors (6144K)
 Metaspace       used 77442K, committed 78016K, reserved 1179648K
  class space    used 10811K, committed 11072K, reserved 1048576K
}
Event: 9.947 GC heap before
{Heap before GC invocations=24 (full 0):
 garbage-first heap   total 161792K, used 63488K [0x0000000706000000, 0x0000000800000000)
  region size 2048K, 4 young (8192K), 3 survivors (6144K)
 Metaspace       used 77442K, committed 78016K, reserved 1179648K
  class space    used 10811K, committed 11072K, reserved 1048576K
}
Event: 9.950 GC heap after
{Heap after GC invocations=25 (full 0):
 garbage-first heap   total 161792K, used 63395K [0x0000000706000000, 0x0000000800000000)
  region size 2048K, 1 young (2048K), 1 survivors (2048K)
 Metaspace       used 77442K, committed 78016K, reserved 1179648K
  class space    used 10811K, committed 11072K, reserved 1048576K
}
Event: 9.991 GC heap before
{Heap before GC invocations=25 (full 0):
 garbage-first heap   total 161792K, used 112547K [0x0000000706000000, 0x0000000800000000)
  region size 2048K, 25 young (51200K), 1 survivors (2048K)
 Metaspace       used 77442K, committed 78016K, reserved 1179648K
  class space    used 10811K, committed 11072K, reserved 1048576K
}
Event: 9.993 GC heap after
{Heap after GC invocations=26 (full 0):
 garbage-first heap   total 161792K, used 63952K [0x0000000706000000, 0x0000000800000000)
  region size 2048K, 1 young (2048K), 1 survivors (2048K)
 Metaspace       used 77442K, committed 78016K, reserved 1179648K
  class space    used 10811K, committed 11072K, reserved 1048576K
}
Event: 10.048 GC heap before
{Heap before GC invocations=27 (full 0):
 garbage-first heap   total 161792K, used 117200K [0x0000000706000000, 0x0000000800000000)
  region size 2048K, 27 young (55296K), 1 survivors (2048K)
 Metaspace       used 77442K, committed 78016K, reserved 1179648K
  class space    used 10812K, committed 11072K, reserved 1048576K
}
Event: 10.049 GC heap after
{Heap after GC invocations=28 (full 0):
 garbage-first heap   total 161792K, used 65469K [0x0000000706000000, 0x0000000800000000)
  region size 2048K, 2 young (4096K), 2 survivors (4096K)
 Metaspace       used 77442K, committed 78016K, reserved 1179648K
  class space    used 10812K, committed 11072K, reserved 1048576K
}
Event: 10.146 GC heap before
{Heap before GC invocations=28 (full 0):
 garbage-first heap   total 161792K, used 120765K [0x0000000706000000, 0x0000000800000000)
  region size 2048K, 29 young (59392K), 2 survivors (4096K)
 Metaspace       used 77840K, committed 78464K, reserved 1179648K
  class space    used 10848K, committed 11136K, reserved 1048576K
}

Dll operation events (12 events):
Event: 0.010 Loaded shared library D:\jdk\bin\java.dll
Event: 0.024 Loaded shared library D:\jdk\bin\jsvml.dll
Event: 0.089 Loaded shared library D:\jdk\bin\zip.dll
Event: 0.092 Loaded shared library D:\jdk\bin\instrument.dll
Event: 0.096 Loaded shared library D:\jdk\bin\net.dll
Event: 0.097 Loaded shared library D:\jdk\bin\nio.dll
Event: 0.099 Loaded shared library D:\jdk\bin\zip.dll
Event: 0.183 Loaded shared library D:\jdk\bin\extnet.dll
Event: 0.219 Loaded shared library D:\jdk\bin\jimage.dll
Event: 0.392 Loaded shared library D:\jdk\bin\management.dll
Event: 0.406 Loaded shared library D:\jdk\bin\management_ext.dll
Event: 2.415 Loaded shared library D:\jdk\bin\sunmscapi.dll

Deoptimization events (20 events):
Event: 10.100 Thread 0x0000024f729d2640 Uncommon trap: trap_request=0xffffffbe fr.pc=0x0000024f5968ef0c relative=0x000000000000198c
Event: 10.100 Thread 0x0000024f729d2640 Uncommon trap: reason=profile_predicate action=maybe_recompile pc=0x0000024f5968ef0c method=org.springframework.transaction.annotation.AnnotationTransactionAttributeSource.determineTransactionAttribute(Ljava/lang/reflect/AnnotatedElement;)Lorg/springframe
Event: 10.100 Thread 0x0000024f729d2640 DEOPT PACKING pc=0x0000024f5968ef0c sp=0x000000bd77cfc140
Event: 10.100 Thread 0x0000024f729d2640 DEOPT UNPACKING pc=0x0000024f58a969a3 sp=0x000000bd77cfc140 mode 2
Event: 10.100 Thread 0x0000024f729d2640 Uncommon trap: trap_request=0xffffffbe fr.pc=0x0000024f5968ef0c relative=0x000000000000198c
Event: 10.100 Thread 0x0000024f729d2640 Uncommon trap: reason=profile_predicate action=maybe_recompile pc=0x0000024f5968ef0c method=org.springframework.transaction.annotation.AnnotationTransactionAttributeSource.determineTransactionAttribute(Ljava/lang/reflect/AnnotatedElement;)Lorg/springframe
Event: 10.100 Thread 0x0000024f729d2640 DEOPT PACKING pc=0x0000024f5968ef0c sp=0x000000bd77cfc140
Event: 10.100 Thread 0x0000024f729d2640 DEOPT UNPACKING pc=0x0000024f58a969a3 sp=0x000000bd77cfc140 mode 2
Event: 10.100 Thread 0x0000024f729d2640 Uncommon trap: trap_request=0xffffffbe fr.pc=0x0000024f5968ef0c relative=0x000000000000198c
Event: 10.100 Thread 0x0000024f729d2640 Uncommon trap: reason=profile_predicate action=maybe_recompile pc=0x0000024f5968ef0c method=org.springframework.transaction.annotation.AnnotationTransactionAttributeSource.determineTransactionAttribute(Ljava/lang/reflect/AnnotatedElement;)Lorg/springframe
Event: 10.100 Thread 0x0000024f729d2640 DEOPT PACKING pc=0x0000024f5968ef0c sp=0x000000bd77cfc140
Event: 10.100 Thread 0x0000024f729d2640 DEOPT UNPACKING pc=0x0000024f58a969a3 sp=0x000000bd77cfc140 mode 2
Event: 10.100 Thread 0x0000024f729d2640 Uncommon trap: trap_request=0xffffffbe fr.pc=0x0000024f5968ef0c relative=0x000000000000198c
Event: 10.100 Thread 0x0000024f729d2640 Uncommon trap: reason=profile_predicate action=maybe_recompile pc=0x0000024f5968ef0c method=org.springframework.transaction.annotation.AnnotationTransactionAttributeSource.determineTransactionAttribute(Ljava/lang/reflect/AnnotatedElement;)Lorg/springframe
Event: 10.100 Thread 0x0000024f729d2640 DEOPT PACKING pc=0x0000024f5968ef0c sp=0x000000bd77cfc140
Event: 10.100 Thread 0x0000024f729d2640 DEOPT UNPACKING pc=0x0000024f58a969a3 sp=0x000000bd77cfc140 mode 2
Event: 10.102 Thread 0x0000024f729d2640 Uncommon trap: trap_request=0xffffff45 fr.pc=0x0000024f596c9a78 relative=0x00000000000006f8
Event: 10.102 Thread 0x0000024f729d2640 Uncommon trap: reason=unstable_if action=reinterpret pc=0x0000024f596c9a78 method=org.springframework.transaction.annotation.JtaTransactionAnnotationParser.parseTransactionAnnotation(Ljava/lang/reflect/AnnotatedElement;)Lorg/springframework/transaction/in
Event: 10.102 Thread 0x0000024f729d2640 DEOPT PACKING pc=0x0000024f596c9a78 sp=0x000000bd77cfcc70
Event: 10.102 Thread 0x0000024f729d2640 DEOPT UNPACKING pc=0x0000024f58a969a3 sp=0x000000bd77cfcc58 mode 2

Classes loaded (20 events):
Event: 9.336 Loading class java/util/regex/Pattern$Neg
Event: 9.336 Loading class java/util/regex/Pattern$Neg done
Event: 9.707 Loading class sun/reflect/annotation/AnnotationInvocationHandler$1
Event: 9.707 Loading class sun/reflect/annotation/AnnotationInvocationHandler$1 done
Event: 9.751 Loading class java/lang/invoke/MethodHandleImpl$CountingWrapper$1
Event: 9.751 Loading class java/lang/invoke/MethodHandleImpl$CountingWrapper$1 done
Event: 9.760 Loading class sun/reflect/ReflectionFactory
Event: 9.760 Loading class sun/reflect/ReflectionFactory done
Event: 9.760 Loading class sun/reflect/ReflectionFactory$1
Event: 9.760 Loading class sun/reflect/ReflectionFactory$1 done
Event: 9.761 Loading class java/io/OptionalDataException
Event: 9.761 Loading class java/io/OptionalDataException done
Event: 9.772 Loading class java/util/stream/Streams$RangeIntSpliterator
Event: 9.773 Loading class java/util/stream/Streams$RangeIntSpliterator done
Event: 9.773 Loading class java/util/stream/IntPipeline$1
Event: 9.773 Loading class java/util/stream/IntPipeline$1 done
Event: 9.774 Loading class java/util/stream/IntPipeline$1$1
Event: 9.774 Loading class java/util/stream/IntPipeline$1$1 done
Event: 10.119 Loading class java/lang/invoke/SerializedLambda
Event: 10.119 Loading class java/lang/invoke/SerializedLambda done

Classes unloaded (1 events):
Event: 10.020 Thread 0x0000024f6ce1e120 Unloading class 0x0000024f01ac0800 'jdk/internal/reflect/GeneratedSerializationConstructorAccessor19'

Classes redefined (0 events):
No events

Internal exceptions (20 events):
Event: 9.308 Thread 0x0000024f729d2640 Exception <a 'java/lang/IncompatibleClassChangeError'{0x00000007159dbfd0}: Found class java.lang.Object, but interface was expected> (0x00000007159dbfd0) 
thrown [s\src\hotspot\share\interpreter\linkResolver.cpp, line 826]
Event: 9.341 Thread 0x0000024f729d2640 Exception <a 'java/lang/reflect/InvocationTargetException'{0x000000070cd47320}> (0x000000070cd47320) 
thrown [s\src\hotspot\share\runtime\reflection.cpp, line 1128]
Event: 9.351 Thread 0x0000024f729d2640 Exception <a 'java/lang/NoSuchMethodError'{0x000000070cdc3218}: 'java.lang.Object java.lang.invoke.DirectMethodHandle$Holder.invokeStatic(java.lang.Object, int, java.lang.Object)'> (0x000000070cdc3218) 
thrown [s\src\hotspot\share\interpreter\linkResolver.cpp, line 759]
Event: 9.358 Thread 0x0000024f729d2640 Exception <a 'java/lang/reflect/InvocationTargetException'{0x000000070ca24d00}> (0x000000070ca24d00) 
thrown [s\src\hotspot\share\runtime\reflection.cpp, line 1128]
Event: 9.677 Thread 0x0000024f729d2640 Exception <a 'java/lang/reflect/InvocationTargetException'{0x000000070c888db0}> (0x000000070c888db0) 
thrown [s\src\hotspot\share\runtime\reflection.cpp, line 1128]
Event: 9.687 Thread 0x0000024f729d2640 Implicit null exception at 0x0000024f594552e9 to 0x0000024f59455380
Event: 9.692 Thread 0x0000024f729d2640 Exception <a 'java/lang/reflect/InvocationTargetException'{0x000000070c671cc8}> (0x000000070c671cc8) 
thrown [s\src\hotspot\share\runtime\reflection.cpp, line 1128]
Event: 9.693 Thread 0x0000024f729d2640 Exception <a 'java/lang/reflect/InvocationTargetException'{0x000000070c67c178}> (0x000000070c67c178) 
thrown [s\src\hotspot\share\runtime\reflection.cpp, line 1128]
Event: 9.704 Thread 0x0000024f729d2640 Exception <a 'java/lang/reflect/InvocationTargetException'{0x000000070c7f8010}> (0x000000070c7f8010) 
thrown [s\src\hotspot\share\runtime\reflection.cpp, line 1128]
Event: 9.705 Thread 0x0000024f729d2640 Exception <a 'java/lang/reflect/InvocationTargetException'{0x000000070c401d30}> (0x000000070c401d30) 
thrown [s\src\hotspot\share\runtime\reflection.cpp, line 1128]
Event: 9.715 Thread 0x0000024f729d2640 Exception <a 'java/lang/reflect/InvocationTargetException'{0x000000070c5a40e8}> (0x000000070c5a40e8) 
thrown [s\src\hotspot\share\runtime\reflection.cpp, line 1128]
Event: 9.717 Thread 0x0000024f729d2640 Exception <a 'java/lang/reflect/InvocationTargetException'{0x000000070c5b3038}> (0x000000070c5b3038) 
thrown [s\src\hotspot\share\runtime\reflection.cpp, line 1128]
Event: 9.718 Thread 0x0000024f729d2640 Exception <a 'java/lang/reflect/InvocationTargetException'{0x000000070c5bfe10}> (0x000000070c5bfe10) 
thrown [s\src\hotspot\share\runtime\reflection.cpp, line 1128]
Event: 9.719 Thread 0x0000024f729d2640 Exception <a 'java/lang/reflect/InvocationTargetException'{0x000000070c5cbe20}> (0x000000070c5cbe20) 
thrown [s\src\hotspot\share\runtime\reflection.cpp, line 1128]
Event: 9.728 Thread 0x0000024f729d2640 Exception <a 'java/lang/reflect/InvocationTargetException'{0x000000070c33ad20}> (0x000000070c33ad20) 
thrown [s\src\hotspot\share\runtime\reflection.cpp, line 1128]
Event: 9.729 Thread 0x0000024f729d2640 Exception <a 'java/lang/reflect/InvocationTargetException'{0x000000070c348d98}> (0x000000070c348d98) 
thrown [s\src\hotspot\share\runtime\reflection.cpp, line 1128]
Event: 9.739 Thread 0x0000024f729d2640 Exception <a 'java/lang/reflect/InvocationTargetException'{0x000000070c0c2fb8}> (0x000000070c0c2fb8) 
thrown [s\src\hotspot\share\runtime\reflection.cpp, line 1128]
Event: 9.739 Thread 0x0000024f729d2640 Exception <a 'java/lang/reflect/InvocationTargetException'{0x000000070c0d2100}> (0x000000070c0d2100) 
thrown [s\src\hotspot\share\runtime\reflection.cpp, line 1128]
Event: 9.748 Thread 0x0000024f729d2640 Exception <a 'java/lang/NoSuchMethodError'{0x000000070c1ae310}: 'int java.lang.invoke.DirectMethodHandle$Holder.invokeStaticInit(java.lang.Object, int, java.lang.Object, java.lang.Object, java.lang.Object, java.lang.Object)'> (0x000000070c1ae310) 
thrown [s\src\hotspot\share\interpreter\linkResolver.cpp, line 759]
Event: 9.773 Thread 0x0000024f729d2640 Exception <a 'java/lang/NoSuchMethodError'{0x000000070bf77250}: 'java.lang.Object java.lang.invoke.DirectMethodHandle$Holder.invokeInterface(java.lang.Object, java.lang.Object, int)'> (0x000000070bf77250) 
thrown [s\src\hotspot\share\interpreter\linkResolver.cpp, line 759]

VM Operations (20 events):
Event: 9.849 Executing VM operation: G1CollectForAllocation done
Event: 9.899 Executing VM operation: G1CollectForAllocation
Event: 9.904 Executing VM operation: G1CollectForAllocation done
Event: 9.915 Executing VM operation: G1PauseRemark
Event: 9.919 Executing VM operation: G1PauseRemark done
Event: 9.924 Executing VM operation: G1PauseCleanup
Event: 9.924 Executing VM operation: G1PauseCleanup done
Event: 9.941 Executing VM operation: G1CollectForAllocation
Event: 9.945 Executing VM operation: G1CollectForAllocation done
Event: 9.947 Executing VM operation: G1CollectForAllocation
Event: 9.950 Executing VM operation: G1CollectForAllocation done
Event: 9.991 Executing VM operation: G1CollectForAllocation
Event: 9.993 Executing VM operation: G1CollectForAllocation done
Event: 10.020 Executing VM operation: G1PauseRemark
Event: 10.027 Executing VM operation: G1PauseRemark done
Event: 10.034 Executing VM operation: G1PauseCleanup
Event: 10.034 Executing VM operation: G1PauseCleanup done
Event: 10.047 Executing VM operation: G1CollectForAllocation
Event: 10.049 Executing VM operation: G1CollectForAllocation done
Event: 10.146 Executing VM operation: G1CollectForAllocation

Memory protections (0 events):
No events

Nmethod flushes (20 events):
Event: 7.146 Thread 0x0000024f6ce51020 flushing  nmethod 0x0000024f52041e90
Event: 7.146 Thread 0x0000024f6ce51020 flushing  nmethod 0x0000024f52043290
Event: 7.146 Thread 0x0000024f6ce51020 flushing  nmethod 0x0000024f52043b10
Event: 7.146 Thread 0x0000024f6ce51020 flushing  nmethod 0x0000024f52057d10
Event: 7.146 Thread 0x0000024f6ce51020 flushing  nmethod 0x0000024f5207b410
Event: 7.146 Thread 0x0000024f6ce51020 flushing  nmethod 0x0000024f5207cd90
Event: 7.146 Thread 0x0000024f6ce51020 flushing  nmethod 0x0000024f5207e190
Event: 7.146 Thread 0x0000024f6ce51020 flushing  nmethod 0x0000024f52084b10
Event: 7.146 Thread 0x0000024f6ce51020 flushing  nmethod 0x0000024f52086110
Event: 7.146 Thread 0x0000024f6ce51020 flushing  nmethod 0x0000024f52086790
Event: 7.146 Thread 0x0000024f6ce51020 flushing  nmethod 0x0000024f52090490
Event: 8.910 Thread 0x0000024f6ce51020 flushing  nmethod 0x0000024f59336190
Event: 8.910 Thread 0x0000024f6ce51020 flushing  nmethod 0x0000024f593fbb10
Event: 8.910 Thread 0x0000024f6ce51020 flushing  nmethod 0x0000024f59411b90
Event: 8.910 Thread 0x0000024f6ce51020 flushing  nmethod 0x0000024f59415790
Event: 8.910 Thread 0x0000024f6ce51020 flushing  nmethod 0x0000024f59444190
Event: 8.910 Thread 0x0000024f6ce51020 flushing  nmethod 0x0000024f59454590
Event: 8.910 Thread 0x0000024f6ce51020 flushing  nmethod 0x0000024f59460c10
Event: 8.910 Thread 0x0000024f6ce51020 flushing  nmethod 0x0000024f59461e90
Event: 8.910 Thread 0x0000024f6ce51020 flushing  nmethod 0x0000024f59479310

Events (20 events):
Event: 5.251 Thread 0x0000024f729d2640 Thread added: 0x0000024f72ab1800
Event: 5.306 Thread 0x0000024f72ab1d10 Thread exited: 0x0000024f72ab1d10
Event: 5.306 Thread 0x0000024f72ab1800 Thread exited: 0x0000024f72ab1800
Event: 5.312 Thread 0x0000024f6ce4eaf0 Thread added: 0x0000024f7425fb30
Event: 5.313 Thread 0x0000024f7425fb30 Thread added: 0x0000024f74260050
Event: 5.595 Thread 0x0000024f7425fb30 Thread added: 0x0000024f72bfb160
Event: 5.738 Thread 0x0000024f729d2640 Thread added: 0x0000024f72ab1800
Event: 5.790 Thread 0x0000024f72ab1800 Thread exited: 0x0000024f72ab1800
Event: 5.835 Thread 0x0000024f7425fb30 Thread added: 0x0000024f730ea8a0
Event: 6.082 Thread 0x0000024f7425fb30 Thread added: 0x0000024f724f5ad0
Event: 7.100 Thread 0x0000024f729d2640 Thread added: 0x0000024f72ab2220
Event: 7.101 Thread 0x0000024f72ab2220 Thread added: 0x0000024f72aaf9a0
Event: 7.104 Thread 0x0000024f729d2640 Thread added: 0x0000024f72ab1d10
Event: 7.855 Thread 0x0000024f729d2640 Thread added: 0x0000024f72ab08d0
Event: 7.865 Thread 0x0000024f729d2640 Thread added: 0x0000024f72ab1800
Event: 7.968 Thread 0x0000024f72ab1800 Thread added: 0x0000024f72aafeb0
Event: 8.104 Thread 0x0000024f724f5ad0 Thread added: 0x0000024f724f6ac0
Event: 8.434 Thread 0x0000024f724f6ac0 Thread exited: 0x0000024f724f6ac0
Event: 9.057 Thread 0x0000024f730ea8a0 Thread exited: 0x0000024f730ea8a0
Event: 9.099 Thread 0x0000024f74260050 Thread added: 0x0000024f724f4590


Dynamic libraries:
0x00007ff642750000 - 0x00007ff64275e000 	D:\jdk\bin\java.exe
0x00007ffc66580000 - 0x00007ffc667e8000 	C:\WINDOWS\SYSTEM32\ntdll.dll
0x00007ffc648e0000 - 0x00007ffc649a9000 	C:\WINDOWS\System32\KERNEL32.DLL
0x00007ffc63b30000 - 0x00007ffc63f21000 	C:\WINDOWS\System32\KERNELBASE.dll
0x00007ffc640a0000 - 0x00007ffc641eb000 	C:\WINDOWS\System32\ucrtbase.dll
0x00007ffc5e240000 - 0x00007ffc5e25b000 	D:\jdk\bin\VCRUNTIME140.dll
0x00007ffc5e260000 - 0x00007ffc5e277000 	D:\jdk\bin\jli.dll
0x00007ffc65300000 - 0x00007ffc654c6000 	C:\WINDOWS\System32\USER32.dll
0x00007ffc63980000 - 0x00007ffc639a7000 	C:\WINDOWS\System32\win32u.dll
0x00007ffc49880000 - 0x00007ffc49b13000 	C:\WINDOWS\WinSxS\amd64_microsoft.windows.common-controls_6595b64144ccf1df_6.0.26100.7824_none_3e0870b2e3345462\COMCTL32.dll
0x00007ffc656a0000 - 0x00007ffc656cb000 	C:\WINDOWS\System32\GDI32.dll
0x00007ffc66400000 - 0x00007ffc664a9000 	C:\WINDOWS\System32\msvcrt.dll
0x00007ffc641f0000 - 0x00007ffc6431b000 	C:\WINDOWS\System32\gdi32full.dll
0x00007ffc62f10000 - 0x00007ffc62fb3000 	C:\WINDOWS\System32\msvcp_win.dll
0x00007ffc656d0000 - 0x00007ffc65701000 	C:\WINDOWS\System32\IMM32.DLL
0x00007ffc5e580000 - 0x00007ffc5e58c000 	D:\jdk\bin\vcruntime140_1.dll
0x00007ffc4b440000 - 0x00007ffc4b4cd000 	D:\jdk\bin\msvcp140.dll
0x00007ffbfeb70000 - 0x00007ffbff7dc000 	D:\jdk\bin\server\jvm.dll
0x00007ffc66220000 - 0x00007ffc662d4000 	C:\WINDOWS\System32\ADVAPI32.dll
0x00007ffc65820000 - 0x00007ffc658c6000 	C:\WINDOWS\System32\sechost.dll
0x00007ffc662e0000 - 0x00007ffc663f8000 	C:\WINDOWS\System32\RPCRT4.dll
0x00007ffc65620000 - 0x00007ffc65694000 	C:\WINDOWS\System32\WS2_32.dll
0x00007ffc61a30000 - 0x00007ffc61a8e000 	C:\WINDOWS\SYSTEM32\POWRPROF.dll
0x00007ffc5c2b0000 - 0x00007ffc5c2bb000 	C:\WINDOWS\SYSTEM32\VERSION.dll
0x00007ffc58cd0000 - 0x00007ffc58d05000 	C:\WINDOWS\SYSTEM32\WINMM.dll
0x00007ffc61a10000 - 0x00007ffc61a24000 	C:\WINDOWS\SYSTEM32\UMPDC.dll
0x00007ffc61ce0000 - 0x00007ffc61cfb000 	C:\WINDOWS\SYSTEM32\kernel.appcore.dll
0x00007ffc5e560000 - 0x00007ffc5e56a000 	D:\jdk\bin\jimage.dll
0x00007ffc60e20000 - 0x00007ffc61062000 	C:\WINDOWS\SYSTEM32\DBGHELP.DLL
0x00007ffc64370000 - 0x00007ffc646f6000 	C:\WINDOWS\System32\combase.dll
0x00007ffc65740000 - 0x00007ffc65817000 	C:\WINDOWS\System32\OLEAUT32.dll
0x00007ffc3e900000 - 0x00007ffc3e93b000 	C:\WINDOWS\SYSTEM32\dbgcore.DLL
0x00007ffc62e60000 - 0x00007ffc62f05000 	C:\WINDOWS\System32\bcryptPrimitives.dll
0x00007ffc5bd50000 - 0x00007ffc5bd5e000 	D:\jdk\bin\instrument.dll
0x00007ffc5e200000 - 0x00007ffc5e225000 	D:\jdk\bin\java.dll
0x00007ffc48df0000 - 0x00007ffc48ec7000 	D:\jdk\bin\jsvml.dll
0x00007ffc64b40000 - 0x00007ffc65292000 	C:\WINDOWS\System32\SHELL32.dll
0x00007ffc63f30000 - 0x00007ffc6409a000 	C:\WINDOWS\System32\wintypes.dll
0x00007ffc62fc0000 - 0x00007ffc63823000 	C:\WINDOWS\System32\windows.storage.dll
0x00007ffc658e0000 - 0x00007ffc659d6000 	C:\WINDOWS\System32\SHCORE.dll
0x00007ffc649b0000 - 0x00007ffc64a17000 	C:\WINDOWS\System32\shlwapi.dll
0x00007ffc62d80000 - 0x00007ffc62da9000 	C:\WINDOWS\SYSTEM32\profapi.dll
0x00007ffc5c400000 - 0x00007ffc5c418000 	D:\jdk\bin\zip.dll
0x00007ffc5e1e0000 - 0x00007ffc5e1f9000 	D:\jdk\bin\net.dll
0x00007ffc5d730000 - 0x00007ffc5d857000 	C:\WINDOWS\SYSTEM32\WINHTTP.dll
0x00007ffc62230000 - 0x00007ffc6229b000 	C:\WINDOWS\system32\mswsock.dll
0x00007ffc5e0d0000 - 0x00007ffc5e0e6000 	D:\jdk\bin\nio.dll
0x00007ffc5c300000 - 0x00007ffc5c309000 	D:\jdk\bin\extnet.dll
0x00007ffc617e0000 - 0x00007ffc6190c000 	C:\WINDOWS\SYSTEM32\DNSAPI.dll
0x00007ffc617a0000 - 0x00007ffc617d4000 	C:\WINDOWS\SYSTEM32\IPHLPAPI.DLL
0x00007ffc658d0000 - 0x00007ffc658da000 	C:\WINDOWS\System32\NSI.dll
0x00007ffc5c7f0000 - 0x00007ffc5c7fb000 	C:\Windows\System32\rasadhlp.dll
0x00007ffc5db50000 - 0x00007ffc5dbd6000 	C:\WINDOWS\System32\fwpuclnt.dll
0x00007ffc5c2f0000 - 0x00007ffc5c2f9000 	D:\jdk\bin\management.dll
0x00007ffc5c2e0000 - 0x00007ffc5c2eb000 	D:\jdk\bin\management_ext.dll
0x00007ffc66020000 - 0x00007ffc66028000 	C:\WINDOWS\System32\PSAPI.DLL
0x00007ffc62620000 - 0x00007ffc6263b000 	C:\WINDOWS\SYSTEM32\CRYPTSP.dll
0x00007ffc61c40000 - 0x00007ffc61c79000 	C:\WINDOWS\system32\rsaenh.dll
0x00007ffc622e0000 - 0x00007ffc6230b000 	C:\WINDOWS\SYSTEM32\USERENV.dll
0x00007ffc62d50000 - 0x00007ffc62d7a000 	C:\WINDOWS\SYSTEM32\bcrypt.dll
0x00007ffc62480000 - 0x00007ffc6248c000 	C:\WINDOWS\SYSTEM32\CRYPTBASE.dll
0x00007ffc5d8b0000 - 0x00007ffc5d8ce000 	C:\WINDOWS\SYSTEM32\dhcpcsvc6.DLL
0x00007ffc5d880000 - 0x00007ffc5d8a3000 	C:\WINDOWS\SYSTEM32\dhcpcsvc.DLL
0x00007ffc23cf0000 - 0x00007ffc23d08000 	C:\WINDOWS\system32\napinsp.dll
0x00007ffc23cd0000 - 0x00007ffc23ce2000 	C:\WINDOWS\System32\winrnr.dll
0x00007ffc32e10000 - 0x00007ffc32e32000 	C:\WINDOWS\system32\nlansp_c.dll
0x00007ffc28040000 - 0x00007ffc28056000 	C:\WINDOWS\system32\wshbth.dll
0x00007ffc5e0c0000 - 0x00007ffc5e0ce000 	D:\jdk\bin\sunmscapi.dll
0x00007ffc639b0000 - 0x00007ffc63b27000 	C:\WINDOWS\System32\CRYPT32.dll
0x00007ffc62780000 - 0x00007ffc627b0000 	C:\WINDOWS\SYSTEM32\ncrypt.dll
0x00007ffc62730000 - 0x00007ffc6276f000 	C:\WINDOWS\SYSTEM32\NTASN1.dll

dbghelp: loaded successfully - version: 4.0.5 - missing functions: none
symbol engine: initialized successfully - sym options: 0x614 - pdb path: .;D:\jdk\bin;C:\WINDOWS\SYSTEM32;C:\WINDOWS\WinSxS\amd64_microsoft.windows.common-controls_6595b64144ccf1df_6.0.26100.7824_none_3e0870b2e3345462;D:\jdk\bin\server

VM Arguments:
jvm_args: -javaagent:D:\IntelliJ IDEA Community Edition 2025.1.3\lib\idea_rt.jar=58729 -Dfile.encoding=UTF-8 
java_command: com.example.demo.CarbookApplication
java_class_path (initial): D:\Course Final Project\carbook\target\classes;C:\Users\user\.m2\repository\org\springframework\boot\spring-boot-starter-data-jdbc\3.5.8\spring-boot-starter-data-jdbc-3.5.8.jar;C:\Users\user\.m2\repository\org\springframework\boot\spring-boot-starter-jdbc\3.5.8\spring-boot-starter-jdbc-3.5.8.jar;C:\Users\user\.m2\repository\com\zaxxer\HikariCP\6.3.3\HikariCP-6.3.3.jar;C:\Users\user\.m2\repository\org\springframework\spring-jdbc\6.2.14\spring-jdbc-6.2.14.jar;C:\Users\user\.m2\repository\org\springframework\data\spring-data-jdbc\3.5.6\spring-data-jdbc-3.5.6.jar;C:\Users\user\.m2\repository\org\springframework\data\spring-data-relational\3.5.6\spring-data-relational-3.5.6.jar;C:\Users\user\.m2\repository\org\springframework\data\spring-data-commons\3.5.6\spring-data-commons-3.5.6.jar;C:\Users\user\.m2\repository\org\springframework\spring-tx\6.2.14\spring-tx-6.2.14.jar;C:\Users\user\.m2\repository\org\springframework\spring-context\6.2.14\spring-context-6.2.14.jar;C:\Users\user\.m2\repository\org\springframework\spring-beans\6.2.14\spring-beans-6.2.14.jar;C:\Users\user\.m2\repository\org\springframework\boot\spring-boot-starter-data-jpa\3.5.8\spring-boot-starter-data-jpa-3.5.8.jar;C:\Users\user\.m2\repository\org\springframework\boot\spring-boot-starter\3.5.8\spring-boot-starter-3.5.8.jar;C:\Users\user\.m2\repository\org\springframework\boot\spring-boot-starter-logging\3.5.8\spring-boot-starter-logging-3.5.8.jar;C:\Users\user\.m2\repository\ch\qos\logback\logback-classic\1.5.21\logback-classic-1.5.21.jar;C:\Users\user\.m2\repository\ch\qos\logback\logback-core\1.5.21\logback-core-1.5.21.jar;C:\Users\user\.m2\repository\org\apache\logging\log4j\log4j-to-slf4j\2.24.3\log4j-to-slf4j-2.24.3.jar;C:\Users\user\.m2\repository\org\apache\logging\log4j\log4j-api\2.24.3\log4j-api-2.24.3.jar;C:\Users\user\.m2\repository\org\slf4j\jul-to-slf4j\2.0.17\jul-to-slf4j-2.0.17.jar;C:\Users\user\.m2\repository\jakarta\annotation\jakarta.annotation-api\2.1.1\ja
Launcher Type: SUN_STANDARD

[Global flags]
     intx CICompilerCount                          = 12                                        {product} {ergonomic}
     uint ConcGCThreads                            = 4                                         {product} {ergonomic}
     uint G1ConcRefinementThreads                  = 15                                        {product} {ergonomic}
   size_t G1HeapRegionSize                         = 2097152                                   {product} {ergonomic}
    uintx GCDrainStackTargetSize                   = 64                                        {product} {ergonomic}
   size_t InitialHeapSize                          = 262144000                                 {product} {ergonomic}
   size_t MarkStackSize                            = 4194304                                   {product} {ergonomic}
   size_t MaxHeapSize                              = 4194304000                                {product} {ergonomic}
   size_t MaxNewSize                               = 2516582400                                {product} {ergonomic}
   size_t MinHeapDeltaBytes                        = 2097152                                   {product} {ergonomic}
   size_t MinHeapSize                              = 8388608                                   {product} {ergonomic}
    uintx NonNMethodCodeHeapSize                   = 7602480                                {pd product} {ergonomic}
    uintx NonProfiledCodeHeapSize                  = 122027880                              {pd product} {ergonomic}
    uintx ProfiledCodeHeapSize                     = 122027880                              {pd product} {ergonomic}
    uintx ReservedCodeCacheSize                    = 251658240                              {pd product} {ergonomic}
     bool SegmentedCodeCache                       = true                                      {product} {ergonomic}
   size_t SoftMaxHeapSize                          = 4194304000                             {manageable} {ergonomic}
     bool UseCompressedClassPointers               = true                           {product lp64_product} {ergonomic}
     bool UseCompressedOops                        = true                           {product lp64_product} {ergonomic}
     bool UseG1GC                                  = true                                      {product} {ergonomic}
     bool UseLargePagesIndividualAllocation        = false                                  {pd product} {ergonomic}

Logging:
Log output configuration:
 #0: stdout all=warning uptime,level,tags
 #1: stderr all=off uptime,level,tags

Environment Variables:
PATH=C:\Program Files (x86)\Common Files\Oracle\Java\java8path;C:\Program Files (x86)\Common Files\Oracle\Java\javapath;C:\WINDOWS\system32;C:\WINDOWS;C:\WINDOWS\System32\Wbem;C:\WINDOWS\System32\WindowsPowerShell\v1.0\;C:\WINDOWS\System32\OpenSSH\;C:\Program Files\dotnet\;C:\Program Files\NVIDIA Corporation\NVIDIA App\NvDLISR;C:\Program Files (x86)\NVIDIA Corporation\PhysX\Common;C:\Program Files\Git\cmd;C:\Program Files\Apache\apache-maven-3.9.11\bin;;C:\Program Files\Docker\Docker\resources\bin;C:\Users\user\AppData\Local\Microsoft\WindowsApps;D:\IntelliJ IDEA Community Edition 2025.1.3\bin;;C:\Users\user\AppData\Local\Programs\Microsoft VS Code\bin;C:\Users\user\AppData\Local\GitHubDesktop\bin
USERNAME=Ilgar
OS=Windows_NT
PROCESSOR_IDENTIFIER=Intel64 Family 6 Model 183 Stepping 1, GenuineIntel
TMP=C:\Users\user\AppData\Local\Temp
TEMP=C:\Users\user\AppData\Local\Temp



Periodic native trim disabled


---------------  S Y S T E M  ---------------

OS:
 Windows 11 , 64 bit Build 26100 (10.0.26100.7705)
OS uptime: 0 days 3:47 hours
Hyper-V role detected

CPU: total 20 (initial active 20) (10 cores per cpu, 2 threads per core) family 6 model 183 stepping 1 microcode 0x12b, cx8, cmov, fxsr, ht, mmx, 3dnowpref, sse, sse2, sse3, ssse3, sse4.1, sse4.2, popcnt, lzcnt, tsc, tscinvbit, avx, avx2, aes, erms, clmul, bmi1, bmi2, adx, sha, fma, vzeroupper, clflush, clflushopt, clwb, hv
Processor Information for all 20 processors :
  Max Mhz: 2600, Current Mhz: 2600, Mhz Limit: 2600

Memory: 4k page, system-wide physical 15995M (778M free)
TotalPageFile size 28283M (AvailPageFile size 64M)
current process WorkingSet (physical memory assigned to process): 378M, peak: 404M
current process commit charge ("private bytes"): 526M, peak: 751M

vm_info: OpenJDK 64-Bit Server VM (17.0.15+6-LTS) for windows-amd64 JRE (17.0.15+6-LTS), built on Apr  9 2025 23:33:55 by "Administrator" with MS VC++ 16.10 / 16.11 (VS2019)

END.
