#
# There is insufficient memory for the Java Runtime Environment to continue.
# Native memory allocation (malloc) failed to allocate 1654896 bytes. Error detail: Chunk::new
# Possible reasons:
#   The system is out of physical RAM or swap space
#   This process is running with CompressedOops enabled, and the Java Heap may be blocking the growth of the native heap
# Possible solutions:
#   Reduce memory load on the system
#   Increase physical memory or swap space
#   Check if swap backing store is full
#   Decrease Java heap size (-Xmx/-Xms)
#   Decrease number of Java threads
#   Decrease Java thread stack sizes (-Xss)
#   Set larger code cache with -XX:ReservedCodeCacheSize=
#   JVM is running with Zero Based Compressed Oops mode in which the Java heap is
#     placed in the first 32GB address space. The Java Heap base address is the
#     maximum limit for the native heap growth. Please use -XX:HeapBaseMinAddress
#     to set the Java Heap base and to place the Java Heap above 32GB virtual address.
# This output file may be truncated or incomplete.
#
#  Out of Memory Error (arena.cpp:191), pid=26676, tid=24944
#
# JRE version: OpenJDK Runtime Environment Corretto-17.0.15.6.1 (17.0.15+6) (build 17.0.15+6-LTS)
# Java VM: OpenJDK 64-Bit Server VM Corretto-17.0.15.6.1 (17.0.15+6-LTS, mixed mode, sharing, tiered, compressed oops, compressed class ptrs, g1 gc, windows-amd64)
# No core dump will be written. Minidumps are not enabled by default on client versions of Windows
#

---------------  S U M M A R Y ------------

Command Line: -javaagent:D:\IntelliJ IDEA Community Edition 2025.1.3\lib\idea_rt.jar=56859 -Dfile.encoding=UTF-8 com.example.demo.CarbookApplication

Host: 13th Gen Intel(R) Core(TM) i7-13650HX, 20 cores, 15G,  Windows 11 , 64 bit Build 26100 (10.0.26100.7705)
Time: Sun Feb  8 18:31:23 2026 Azerbaijan Standard Time elapsed time: 17.079078 seconds (0d 0h 0m 17s)

---------------  T H R E A D  ---------------

Current thread (0x000001cb7fc552f0):  JavaThread "C2 CompilerThread0" daemon [_thread_in_native, id=24944, stack(0x00000034df300000,0x00000034df400000)]


Current CompileTask:
C2:  17079 10604       4       groovy.lang.MetaClassImpl$1MOPIter::methodNameAction (325 bytes)

Stack: [0x00000034df300000,0x00000034df400000]
Native frames: (J=compiled Java code, j=interpreted, Vv=VM code, C=native code)
V  [jvm.dll+0x681149]
V  [jvm.dll+0x838b5a]
V  [jvm.dll+0x83a61e]
V  [jvm.dll+0x83ac83]
V  [jvm.dll+0x24837f]
V  [jvm.dll+0xaca54]
V  [jvm.dll+0xad09c]
V  [jvm.dll+0x3679e2]
V  [jvm.dll+0x331dda]
V  [jvm.dll+0x33127a]
V  [jvm.dll+0x21a8c1]
V  [jvm.dll+0x219d01]
V  [jvm.dll+0x1a59fd]
V  [jvm.dll+0x229a5d]
V  [jvm.dll+0x227bec]
V  [jvm.dll+0x7eda37]
V  [jvm.dll+0x7e7f8c]
V  [jvm.dll+0x680017]
C  [ucrtbase.dll+0x37b0]
C  [KERNEL32.DLL+0x2e8d7]
C  [ntdll.dll+0x8c40c]


---------------  P R O C E S S  ---------------

Threads class SMR info:
_java_thread_list=0x000001cb025b26f0, length=36, elements={
0x000001cb7fc30650, 0x000001cb7fc31210, 0x000001cb7fc43370, 0x000001cb7fc45f40,
0x000001cb7fc49480, 0x000001cb7fc539e0, 0x000001cb7fc552f0, 0x000001cb7fc5a3b0,
0x000001cb7fc63840, 0x000001cb0248aa90, 0x000001cb0248b9c0, 0x000001cb0248c8f0,
0x000001cb0248a070, 0x000001cb0248a580, 0x000001cb0248afa0, 0x000001cb4bcac130,
0x000001cb4bcac640, 0x000001cb4bcb0300, 0x000001cb4bcad570, 0x000001cb4bcadf90,
0x000001cb4bcad060, 0x000001cb4bcb0810, 0x000001cb4bcaf8e0, 0x000001cb4bcafdf0,
0x000001cb4bcb0d20, 0x000001cb4bcb1230, 0x000001cb4bcb1740, 0x000001cb4bcae4a0,
0x000001cb4bcb1c50, 0x000001cb4bcb2160, 0x000001cb4bcb2670, 0x000001cb4bcb2b80,
0x000001cb4bc7c730, 0x000001cb4bc80c40, 0x000001cb4bc806f0, 0x000001cb4bc7cc80
}

Java Threads: ( => current thread )
  0x000001cb7fc30650 JavaThread "Reference Handler" daemon [_thread_blocked, id=11324, stack(0x00000034ded00000,0x00000034dee00000)]
  0x000001cb7fc31210 JavaThread "Finalizer" daemon [_thread_blocked, id=29104, stack(0x00000034dee00000,0x00000034def00000)]
  0x000001cb7fc43370 JavaThread "Signal Dispatcher" daemon [_thread_blocked, id=22788, stack(0x00000034def00000,0x00000034df000000)]
  0x000001cb7fc45f40 JavaThread "Attach Listener" daemon [_thread_blocked, id=21136, stack(0x00000034df000000,0x00000034df100000)]
  0x000001cb7fc49480 JavaThread "Service Thread" daemon [_thread_blocked, id=24824, stack(0x00000034df100000,0x00000034df200000)]
  0x000001cb7fc539e0 JavaThread "Monitor Deflation Thread" daemon [_thread_blocked, id=23928, stack(0x00000034df200000,0x00000034df300000)]
=>0x000001cb7fc552f0 JavaThread "C2 CompilerThread0" daemon [_thread_in_native, id=24944, stack(0x00000034df300000,0x00000034df400000)]
  0x000001cb7fc5a3b0 JavaThread "C1 CompilerThread0" daemon [_thread_blocked, id=14376, stack(0x00000034df400000,0x00000034df500000)]
  0x000001cb7fc63840 JavaThread "Sweeper thread" daemon [_thread_blocked, id=14920, stack(0x00000034df500000,0x00000034df600000)]
  0x000001cb0248aa90 JavaThread "Common-Cleaner" daemon [_thread_blocked, id=26716, stack(0x00000034df600000,0x00000034df700000)]
  0x000001cb0248b9c0 JavaThread "Monitor Ctrl-Break" daemon [_thread_in_native, id=24292, stack(0x00000034dfb00000,0x00000034dfc00000)]
  0x000001cb0248c8f0 JavaThread "Notification Thread" daemon [_thread_blocked, id=25004, stack(0x00000034dfc00000,0x00000034dfd00000)]
  0x000001cb0248a070 JavaThread "Catalina-utility-1" [_thread_blocked, id=18536, stack(0x00000034e1600000,0x00000034e1700000)]
  0x000001cb0248a580 JavaThread "Catalina-utility-2" [_thread_blocked, id=24216, stack(0x00000034e1700000,0x00000034e1800000)]
  0x000001cb0248afa0 JavaThread "container-0" [_thread_blocked, id=25252, stack(0x00000034e1800000,0x00000034e1900000)]
  0x000001cb4bcac130 JavaThread "PostgreSQL-JDBC-Cleaner" daemon [_thread_blocked, id=25860, stack(0x00000034e1a00000,0x00000034e1b00000)]
  0x000001cb4bcac640 JavaThread "HikariPool-1:housekeeper" daemon [_thread_blocked, id=28616, stack(0x00000034e1b00000,0x00000034e1c00000)]
  0x000001cb4bcb0300 JavaThread "File Watcher" daemon [_thread_blocked, id=10100, stack(0x00000034e2300000,0x00000034e2400000)]
  0x000001cb4bcad570 JavaThread "Live Reload Server" daemon [_thread_in_native, id=23076, stack(0x00000034e2500000,0x00000034e2600000)]
  0x000001cb4bcadf90 JavaThread "http-nio-8080-exec-1" daemon [_thread_in_native, id=24248, stack(0x00000034e1900000,0x00000034e1a00000)]
  0x000001cb4bcad060 JavaThread "http-nio-8080-exec-2" daemon [_thread_blocked, id=29140, stack(0x00000034e2400000,0x00000034e2500000)]
  0x000001cb4bcb0810 JavaThread "http-nio-8080-exec-3" daemon [_thread_blocked, id=24848, stack(0x00000034e2600000,0x00000034e2700000)]
  0x000001cb4bcaf8e0 JavaThread "http-nio-8080-exec-4" daemon [_thread_blocked, id=8376, stack(0x00000034e2700000,0x00000034e2800000)]
  0x000001cb4bcafdf0 JavaThread "http-nio-8080-exec-5" daemon [_thread_blocked, id=27960, stack(0x00000034e2800000,0x00000034e2900000)]
  0x000001cb4bcb0d20 JavaThread "http-nio-8080-exec-6" daemon [_thread_blocked, id=21636, stack(0x00000034e2900000,0x00000034e2a00000)]
  0x000001cb4bcb1230 JavaThread "http-nio-8080-exec-7" daemon [_thread_blocked, id=15504, stack(0x00000034e2a00000,0x00000034e2b00000)]
  0x000001cb4bcb1740 JavaThread "http-nio-8080-exec-8" daemon [_thread_blocked, id=4448, stack(0x00000034e2b00000,0x00000034e2c00000)]
  0x000001cb4bcae4a0 JavaThread "http-nio-8080-exec-9" daemon [_thread_blocked, id=14392, stack(0x00000034e2c00000,0x00000034e2d00000)]
  0x000001cb4bcb1c50 JavaThread "http-nio-8080-exec-10" daemon [_thread_blocked, id=21716, stack(0x00000034e2d00000,0x00000034e2e00000)]
  0x000001cb4bcb2160 JavaThread "http-nio-8080-Poller" daemon [_thread_in_native, id=20268, stack(0x00000034e2e00000,0x00000034e2f00000)]
  0x000001cb4bcb2670 JavaThread "http-nio-8080-Acceptor" daemon [_thread_in_native, id=2092, stack(0x00000034e2f00000,0x00000034e3000000)]
  0x000001cb4bcb2b80 JavaThread "DestroyJavaVM" [_thread_blocked, id=27100, stack(0x00000034de600000,0x00000034de700000)]
  0x000001cb4bc7c730 JavaThread "C1 CompilerThread1" daemon [_thread_in_native, id=12028, stack(0x00000034df800000,0x00000034df900000)]
  0x000001cb4bc80c40 JavaThread "C1 CompilerThread2" daemon [_thread_blocked, id=26352, stack(0x00000034dfe00000,0x00000034dff00000)]
  0x000001cb4bc806f0 JavaThread "C2 CompilerThread1" daemon [_thread_in_native, id=25924, stack(0x00000034df700000,0x00000034df800000)]
  0x000001cb4bc7cc80 JavaThread "C2 CompilerThread2" daemon [_thread_in_native, id=3148, stack(0x00000034dfa00000,0x00000034dfb00000)]

Other Threads:
  0x000001cb7fc2a5a0 VMThread "VM Thread" [stack: 0x00000034dec00000,0x00000034ded00000] [id=23560]
  0x000001cb5e5a69c0 WatcherThread [stack: 0x00000034dfd00000,0x00000034dfe00000] [id=29584]
  0x000001cb5e6137c0 GCTaskThread "GC Thread#0" [stack: 0x00000034de700000,0x00000034de800000] [id=3596]
  0x000001cb48b0a880 GCTaskThread "GC Thread#1" [stack: 0x00000034dff00000,0x00000034e0000000] [id=14408]
  0x000001cb48acc0c0 GCTaskThread "GC Thread#2" [stack: 0x00000034e0000000,0x00000034e0100000] [id=25916]
  0x000001cb48acc380 GCTaskThread "GC Thread#3" [stack: 0x00000034e0100000,0x00000034e0200000] [id=23868]
  0x000001cb48acc640 GCTaskThread "GC Thread#4" [stack: 0x00000034e0200000,0x00000034e0300000] [id=16152]
  0x000001cb48acc900 GCTaskThread "GC Thread#5" [stack: 0x00000034e0300000,0x00000034e0400000] [id=27724]
  0x000001cb48fce770 GCTaskThread "GC Thread#6" [stack: 0x00000034e0600000,0x00000034e0700000] [id=26700]
  0x000001cb49764880 GCTaskThread "GC Thread#7" [stack: 0x00000034e0700000,0x00000034e0800000] [id=24104]
  0x000001cb48df0340 GCTaskThread "GC Thread#8" [stack: 0x00000034e0b00000,0x00000034e0c00000] [id=22808]
  0x000001cb48e6cad0 GCTaskThread "GC Thread#9" [stack: 0x00000034e0c00000,0x00000034e0d00000] [id=23164]
  0x000001cb49b94110 GCTaskThread "GC Thread#10" [stack: 0x00000034e0d00000,0x00000034e0e00000] [id=14032]
  0x000001cb49b93350 GCTaskThread "GC Thread#11" [stack: 0x00000034e0e00000,0x00000034e0f00000] [id=20712]
  0x000001cb49b93610 GCTaskThread "GC Thread#12" [stack: 0x00000034e0f00000,0x00000034e1000000] [id=24600]
  0x000001cb49b938d0 GCTaskThread "GC Thread#13" [stack: 0x00000034e1000000,0x00000034e1100000] [id=23352]
  0x000001cb49b94690 GCTaskThread "GC Thread#14" [stack: 0x00000034e1100000,0x00000034e1200000] [id=18340]
  0x000001cb5e624110 ConcurrentGCThread "G1 Main Marker" [stack: 0x00000034de800000,0x00000034de900000] [id=9408]
  0x000001cb5e624b30 ConcurrentGCThread "G1 Conc#0" [stack: 0x00000034de900000,0x00000034dea00000] [id=10060]
  0x000001cb49b94950 ConcurrentGCThread "G1 Conc#1" [stack: 0x00000034e1200000,0x00000034e1300000] [id=11140]
  0x000001cb49b93b90 ConcurrentGCThread "G1 Conc#2" [stack: 0x00000034e1300000,0x00000034e1400000] [id=27428]
  0x000001cb49b94c10 ConcurrentGCThread "G1 Conc#3" [stack: 0x00000034e1400000,0x00000034e1500000] [id=7780]
  0x000001cb7fb63f00 ConcurrentGCThread "G1 Refine#0" [stack: 0x00000034dea00000,0x00000034deb00000] [id=4248]
  0x000001cb4d337b50 ConcurrentGCThread "G1 Refine#1" [stack: 0x00000034e1d00000,0x00000034e1e00000] [id=3696]
  0x000001cb4d337e40 ConcurrentGCThread "G1 Refine#2" [stack: 0x00000034e1e00000,0x00000034e1f00000] [id=16800]
  0x000001cb4ef62b60 ConcurrentGCThread "G1 Refine#3" [stack: 0x00000034e1f00000,0x00000034e2000000] [id=7496]
  0x000001cb4ef63a10 ConcurrentGCThread "G1 Refine#4" [stack: 0x00000034e2000000,0x00000034e2100000] [id=22344]
  0x000001cb4ef63d00 ConcurrentGCThread "G1 Refine#5" [stack: 0x00000034e2100000,0x00000034e2200000] [id=8360]
  0x000001cb4ef61cb0 ConcurrentGCThread "G1 Refine#6" [stack: 0x00000034e2200000,0x00000034e2300000] [id=29412]
  0x000001cb7fb65940 ConcurrentGCThread "G1 Service" [stack: 0x00000034deb00000,0x00000034dec00000] [id=3556]

Threads with active compile tasks:
C2 CompilerThread0    17093 10604       4       groovy.lang.MetaClassImpl$1MOPIter::methodNameAction (325 bytes)
C2 CompilerThread1    17093 10732       4       org.codehaus.groovy.runtime.callsite.PojoMetaMethodSite::call (23 bytes)
C2 CompilerThread2    17093 10731   !   4       org.codehaus.groovy.runtime.callsite.PojoMetaMethodSite::checkCall (56 bytes)

VM state: not at safepoint (normal execution)

VM Mutex/Monitor currently owned by a thread: None

Heap address: 0x0000000706000000, size: 4000 MB, Compressed Oops mode: Zero based, Oop shift amount: 3

CDS archive(s) mapped at: [0x000001cb03000000-0x000001cb03bb0000-0x000001cb03bb0000), size 12255232, SharedBaseAddress: 0x000001cb03000000, ArchiveRelocationMode: 1.
Compressed class space mapped at: 0x000001cb04000000-0x000001cb44000000, reserved size: 1073741824
Narrow klass base: 0x000001cb03000000, Narrow klass shift: 0, Narrow klass range: 0x100000000

GC Precious Log:
 CPUs: 20 total, 20 available
 Memory: 15995M
 Large Page Support: Disabled
 NUMA Support: Disabled
 Compressed Oops: Enabled (Zero based)
 Heap Region Size: 2M
 Heap Min Capacity: 8M
 Heap Initial Capacity: 250M
 Heap Max Capacity: 4000M
 Pre-touch: Disabled
 Parallel Workers: 15
 Concurrent Workers: 4
 Concurrent Refinement Workers: 15
 Periodic GC: Disabled

Heap:
 garbage-first heap   total 280576K, used 171287K [0x0000000706000000, 0x0000000800000000)
  region size 2048K, 51 young (104448K), 7 survivors (14336K)
 Metaspace       used 91881K, committed 92800K, reserved 1179648K
  class space    used 12721K, committed 13184K, reserved 1048576K

Heap Regions: E=young(eden), S=young(survivor), O=old, HS=humongous(starts), HC=humongous(continues), CS=collection set, F=free, OA=open archive, CA=closed archive, TAMS=top-at-mark-start (previous, next)
|   0|0x0000000706000000, 0x0000000706200000, 0x0000000706200000|100%| O|  |TAMS 0x0000000706200000, 0x0000000706000000| Untracked 
|   1|0x0000000706200000, 0x0000000706400000, 0x0000000706400000|100%| O|  |TAMS 0x0000000706400000, 0x0000000706200000| Untracked 
|   2|0x0000000706400000, 0x0000000706600000, 0x0000000706600000|100%| O|  |TAMS 0x0000000706600000, 0x0000000706400000| Untracked 
|   3|0x0000000706600000, 0x0000000706800000, 0x0000000706800000|100%| O|  |TAMS 0x0000000706800000, 0x0000000706600000| Untracked 
|   4|0x0000000706800000, 0x0000000706a00000, 0x0000000706a00000|100%| O|  |TAMS 0x0000000706a00000, 0x0000000706800000| Untracked 
|   5|0x0000000706a00000, 0x0000000706c00000, 0x0000000706c00000|100%| O|  |TAMS 0x0000000706c00000, 0x0000000706a00000| Untracked 
|   6|0x0000000706c00000, 0x0000000706e00000, 0x0000000706e00000|100%| O|  |TAMS 0x0000000706e00000, 0x0000000706c00000| Untracked 
|   7|0x0000000706e00000, 0x0000000707000000, 0x0000000707000000|100%| O|  |TAMS 0x0000000707000000, 0x0000000706e00000| Untracked 
|   8|0x0000000707000000, 0x0000000707200000, 0x0000000707200000|100%| O|  |TAMS 0x0000000707200000, 0x0000000707000000| Untracked 
|   9|0x0000000707200000, 0x0000000707400000, 0x0000000707400000|100%| O|  |TAMS 0x0000000707400000, 0x0000000707200000| Untracked 
|  10|0x0000000707400000, 0x0000000707600000, 0x0000000707600000|100%| O|  |TAMS 0x0000000707600000, 0x0000000707400000| Untracked 
|  11|0x0000000707600000, 0x0000000707800000, 0x0000000707800000|100%| O|  |TAMS 0x0000000707800000, 0x0000000707600000| Untracked 
|  12|0x0000000707800000, 0x0000000707a00000, 0x0000000707a00000|100%| O|  |TAMS 0x0000000707a00000, 0x0000000707800000| Untracked 
|  13|0x0000000707a00000, 0x0000000707c00000, 0x0000000707c00000|100%| O|  |TAMS 0x0000000707c00000, 0x0000000707a00000| Untracked 
|  14|0x0000000707c00000, 0x0000000707e00000, 0x0000000707e00000|100%| O|  |TAMS 0x0000000707e00000, 0x0000000707c00000| Untracked 
|  15|0x0000000707e00000, 0x0000000708000000, 0x0000000708000000|100%| O|  |TAMS 0x0000000708000000, 0x0000000707e00000| Untracked 
|  16|0x0000000708000000, 0x0000000708200000, 0x0000000708200000|100%| O|  |TAMS 0x0000000708200000, 0x0000000708000000| Untracked 
|  17|0x0000000708200000, 0x0000000708400000, 0x0000000708400000|100%| O|  |TAMS 0x0000000708400000, 0x0000000708200000| Untracked 
|  18|0x0000000708400000, 0x0000000708600000, 0x0000000708600000|100%| O|  |TAMS 0x0000000708600000, 0x0000000708400000| Untracked 
|  19|0x0000000708600000, 0x0000000708800000, 0x0000000708800000|100%| O|  |TAMS 0x0000000708800000, 0x0000000708600000| Untracked 
|  20|0x0000000708800000, 0x0000000708a00000, 0x0000000708a00000|100%| O|  |TAMS 0x0000000708a00000, 0x0000000708800000| Untracked 
|  21|0x0000000708a00000, 0x0000000708c00000, 0x0000000708c00000|100%| O|  |TAMS 0x0000000708c00000, 0x0000000708a00000| Untracked 
|  22|0x0000000708c00000, 0x0000000708e00000, 0x0000000708e00000|100%| O|  |TAMS 0x0000000708e00000, 0x0000000708c00000| Untracked 
|  23|0x0000000708e00000, 0x0000000709000000, 0x0000000709000000|100%| O|  |TAMS 0x0000000709000000, 0x0000000708e00000| Untracked 
|  24|0x0000000709000000, 0x0000000709200000, 0x0000000709200000|100%| O|  |TAMS 0x0000000709000000, 0x0000000709000000| Untracked 
|  25|0x0000000709200000, 0x0000000709400000, 0x0000000709400000|100%| O|  |TAMS 0x0000000709200000, 0x0000000709200000| Untracked 
|  26|0x0000000709400000, 0x0000000709600000, 0x0000000709600000|100%| O|  |TAMS 0x0000000709400000, 0x0000000709400000| Untracked 
|  27|0x0000000709600000, 0x0000000709800000, 0x0000000709800000|100%| O|  |TAMS 0x0000000709800000, 0x0000000709600000| Untracked 
|  28|0x0000000709800000, 0x0000000709a00000, 0x0000000709a00000|100%| O|  |TAMS 0x0000000709a00000, 0x0000000709800000| Untracked 
|  29|0x0000000709a00000, 0x0000000709c00000, 0x0000000709c00000|100%| O|  |TAMS 0x0000000709a00000, 0x0000000709a00000| Untracked 
|  30|0x0000000709c00000, 0x0000000709e00000, 0x0000000709e00000|100%| O|  |TAMS 0x0000000709d18400, 0x0000000709c00000| Untracked 
|  31|0x0000000709e00000, 0x000000070a000000, 0x000000070a000000|100%| O|  |TAMS 0x0000000709e00000, 0x0000000709e00000| Untracked 
|  32|0x000000070a000000, 0x000000070a200000, 0x000000070a200000|100%| O|  |TAMS 0x000000070a000000, 0x000000070a000000| Untracked 
|  33|0x000000070a200000, 0x000000070a400000, 0x000000070a400000|100%| O|  |TAMS 0x000000070a200000, 0x000000070a200000| Untracked 
|  34|0x000000070a400000, 0x000000070a4c0000, 0x000000070a600000| 37%| O|  |TAMS 0x000000070a400000, 0x000000070a400000| Untracked 
|  35|0x000000070a600000, 0x000000070a800000, 0x000000070a800000|100%|HS|  |TAMS 0x000000070a600000, 0x000000070a600000| Complete 
|  36|0x000000070a800000, 0x000000070a800000, 0x000000070aa00000|  0%| F|  |TAMS 0x000000070a800000, 0x000000070a800000| Untracked 
|  37|0x000000070aa00000, 0x000000070aa00000, 0x000000070ac00000|  0%| F|  |TAMS 0x000000070aa00000, 0x000000070aa00000| Untracked 
|  38|0x000000070ac00000, 0x000000070ac00000, 0x000000070ae00000|  0%| F|  |TAMS 0x000000070ac00000, 0x000000070ac00000| Untracked 
|  39|0x000000070ae00000, 0x000000070ae00000, 0x000000070b000000|  0%| F|  |TAMS 0x000000070ae00000, 0x000000070ae00000| Untracked 
|  40|0x000000070b000000, 0x000000070b000000, 0x000000070b200000|  0%| F|  |TAMS 0x000000070b000000, 0x000000070b000000| Untracked 
|  41|0x000000070b200000, 0x000000070b200000, 0x000000070b400000|  0%| F|  |TAMS 0x000000070b200000, 0x000000070b200000| Untracked 
|  42|0x000000070b400000, 0x000000070b400000, 0x000000070b600000|  0%| F|  |TAMS 0x000000070b400000, 0x000000070b400000| Untracked 
|  43|0x000000070b600000, 0x000000070b600000, 0x000000070b800000|  0%| F|  |TAMS 0x000000070b600000, 0x000000070b600000| Untracked 
|  44|0x000000070b800000, 0x000000070b800000, 0x000000070ba00000|  0%| F|  |TAMS 0x000000070b800000, 0x000000070b800000| Untracked 
|  45|0x000000070ba00000, 0x000000070ba00000, 0x000000070bc00000|  0%| F|  |TAMS 0x000000070ba00000, 0x000000070ba00000| Untracked 
|  46|0x000000070bc00000, 0x000000070bc00000, 0x000000070be00000|  0%| F|  |TAMS 0x000000070bc00000, 0x000000070bc00000| Untracked 
|  47|0x000000070be00000, 0x000000070be00000, 0x000000070c000000|  0%| F|  |TAMS 0x000000070be00000, 0x000000070be00000| Untracked 
|  48|0x000000070c000000, 0x000000070c000000, 0x000000070c200000|  0%| F|  |TAMS 0x000000070c000000, 0x000000070c000000| Untracked 
|  49|0x000000070c200000, 0x000000070c200000, 0x000000070c400000|  0%| F|  |TAMS 0x000000070c200000, 0x000000070c200000| Untracked 
|  50|0x000000070c400000, 0x000000070c400000, 0x000000070c600000|  0%| F|  |TAMS 0x000000070c400000, 0x000000070c400000| Untracked 
|  51|0x000000070c600000, 0x000000070c600000, 0x000000070c800000|  0%| F|  |TAMS 0x000000070c600000, 0x000000070c600000| Untracked 
|  52|0x000000070c800000, 0x000000070c800000, 0x000000070ca00000|  0%| F|  |TAMS 0x000000070c800000, 0x000000070c800000| Untracked 
|  53|0x000000070ca00000, 0x000000070ca00000, 0x000000070cc00000|  0%| F|  |TAMS 0x000000070ca00000, 0x000000070ca00000| Untracked 
|  54|0x000000070cc00000, 0x000000070cc00000, 0x000000070ce00000|  0%| F|  |TAMS 0x000000070cc00000, 0x000000070cc00000| Untracked 
|  55|0x000000070ce00000, 0x000000070ce00000, 0x000000070d000000|  0%| F|  |TAMS 0x000000070ce00000, 0x000000070ce00000| Untracked 
|  56|0x000000070d000000, 0x000000070d000000, 0x000000070d200000|  0%| F|  |TAMS 0x000000070d000000, 0x000000070d000000| Untracked 
|  57|0x000000070d200000, 0x000000070d200000, 0x000000070d400000|  0%| F|  |TAMS 0x000000070d200000, 0x000000070d200000| Untracked 
|  58|0x000000070d400000, 0x000000070d485cb0, 0x000000070d600000| 26%| S|CS|TAMS 0x000000070d400000, 0x000000070d400000| Complete 
|  59|0x000000070d600000, 0x000000070d800000, 0x000000070d800000|100%| S|CS|TAMS 0x000000070d600000, 0x000000070d600000| Complete 
|  60|0x000000070d800000, 0x000000070da00000, 0x000000070da00000|100%| S|CS|TAMS 0x000000070d800000, 0x000000070d800000| Complete 
|  61|0x000000070da00000, 0x000000070dc00000, 0x000000070dc00000|100%| S|CS|TAMS 0x000000070da00000, 0x000000070da00000| Complete 
|  62|0x000000070dc00000, 0x000000070de00000, 0x000000070de00000|100%| S|CS|TAMS 0x000000070dc00000, 0x000000070dc00000| Complete 
|  63|0x000000070de00000, 0x000000070e000000, 0x000000070e000000|100%| S|CS|TAMS 0x000000070de00000, 0x000000070de00000| Complete 
|  64|0x000000070e000000, 0x000000070e200000, 0x000000070e200000|100%| S|CS|TAMS 0x000000070e000000, 0x000000070e000000| Complete 
|  65|0x000000070e200000, 0x000000070e200000, 0x000000070e400000|  0%| F|  |TAMS 0x000000070e200000, 0x000000070e200000| Untracked 
|  66|0x000000070e400000, 0x000000070e400000, 0x000000070e600000|  0%| F|  |TAMS 0x000000070e400000, 0x000000070e400000| Untracked 
|  67|0x000000070e600000, 0x000000070e600000, 0x000000070e800000|  0%| F|  |TAMS 0x000000070e600000, 0x000000070e600000| Untracked 
|  68|0x000000070e800000, 0x000000070e800000, 0x000000070ea00000|  0%| F|  |TAMS 0x000000070e800000, 0x000000070e800000| Untracked 
|  69|0x000000070ea00000, 0x000000070ea00000, 0x000000070ec00000|  0%| F|  |TAMS 0x000000070ea00000, 0x000000070ea00000| Untracked 
|  70|0x000000070ec00000, 0x000000070ec00000, 0x000000070ee00000|  0%| F|  |TAMS 0x000000070ec00000, 0x000000070ec00000| Untracked 
|  71|0x000000070ee00000, 0x000000070ee00000, 0x000000070f000000|  0%| F|  |TAMS 0x000000070ee00000, 0x000000070ee00000| Untracked 
|  72|0x000000070f000000, 0x000000070f000000, 0x000000070f200000|  0%| F|  |TAMS 0x000000070f000000, 0x000000070f000000| Untracked 
|  73|0x000000070f200000, 0x000000070f200000, 0x000000070f400000|  0%| F|  |TAMS 0x000000070f200000, 0x000000070f200000| Untracked 
|  74|0x000000070f400000, 0x000000070f400000, 0x000000070f600000|  0%| F|  |TAMS 0x000000070f400000, 0x000000070f400000| Untracked 
|  75|0x000000070f600000, 0x000000070f600000, 0x000000070f800000|  0%| F|  |TAMS 0x000000070f600000, 0x000000070f600000| Untracked 
|  76|0x000000070f800000, 0x000000070f800000, 0x000000070fa00000|  0%| F|  |TAMS 0x000000070f800000, 0x000000070f800000| Untracked 
|  77|0x000000070fa00000, 0x000000070fa00000, 0x000000070fc00000|  0%| F|  |TAMS 0x000000070fa00000, 0x000000070fa00000| Untracked 
|  78|0x000000070fc00000, 0x000000070fc00000, 0x000000070fe00000|  0%| F|  |TAMS 0x000000070fc00000, 0x000000070fc00000| Untracked 
|  79|0x000000070fe00000, 0x000000070fe00000, 0x0000000710000000|  0%| F|  |TAMS 0x000000070fe00000, 0x000000070fe00000| Untracked 
|  80|0x0000000710000000, 0x0000000710000000, 0x0000000710200000|  0%| F|  |TAMS 0x0000000710000000, 0x0000000710000000| Untracked 
|  81|0x0000000710200000, 0x0000000710200000, 0x0000000710400000|  0%| F|  |TAMS 0x0000000710200000, 0x0000000710200000| Untracked 
|  82|0x0000000710400000, 0x0000000710400000, 0x0000000710600000|  0%| F|  |TAMS 0x0000000710400000, 0x0000000710400000| Untracked 
|  83|0x0000000710600000, 0x0000000710600000, 0x0000000710800000|  0%| F|  |TAMS 0x0000000710600000, 0x0000000710600000| Untracked 
|  84|0x0000000710800000, 0x0000000710800000, 0x0000000710a00000|  0%| F|  |TAMS 0x0000000710800000, 0x0000000710800000| Untracked 
|  85|0x0000000710a00000, 0x0000000710a00000, 0x0000000710c00000|  0%| F|  |TAMS 0x0000000710a00000, 0x0000000710a00000| Untracked 
|  86|0x0000000710c00000, 0x0000000710c00000, 0x0000000710e00000|  0%| F|  |TAMS 0x0000000710c00000, 0x0000000710c00000| Untracked 
|  87|0x0000000710e00000, 0x0000000710e00000, 0x0000000711000000|  0%| F|  |TAMS 0x0000000710e00000, 0x0000000710e00000| Untracked 
|  88|0x0000000711000000, 0x0000000711000000, 0x0000000711200000|  0%| F|  |TAMS 0x0000000711000000, 0x0000000711000000| Untracked 
|  89|0x0000000711200000, 0x0000000711200000, 0x0000000711400000|  0%| F|  |TAMS 0x0000000711200000, 0x0000000711200000| Untracked 
|  90|0x0000000711400000, 0x0000000711400000, 0x0000000711600000|  0%| F|  |TAMS 0x0000000711400000, 0x0000000711400000| Untracked 
|  91|0x0000000711600000, 0x0000000711600000, 0x0000000711800000|  0%| F|  |TAMS 0x0000000711600000, 0x0000000711600000| Untracked 
|  92|0x0000000711800000, 0x0000000711800000, 0x0000000711a00000|  0%| F|  |TAMS 0x0000000711800000, 0x0000000711800000| Untracked 
|  93|0x0000000711a00000, 0x0000000711b6f5e0, 0x0000000711c00000| 71%| E|  |TAMS 0x0000000711a00000, 0x0000000711a00000| Complete 
|  94|0x0000000711c00000, 0x0000000711e00000, 0x0000000711e00000|100%| E|CS|TAMS 0x0000000711c00000, 0x0000000711c00000| Complete 
|  95|0x0000000711e00000, 0x0000000712000000, 0x0000000712000000|100%| E|CS|TAMS 0x0000000711e00000, 0x0000000711e00000| Complete 
|  96|0x0000000712000000, 0x0000000712200000, 0x0000000712200000|100%| E|CS|TAMS 0x0000000712000000, 0x0000000712000000| Complete 
|  97|0x0000000712200000, 0x0000000712400000, 0x0000000712400000|100%| E|CS|TAMS 0x0000000712200000, 0x0000000712200000| Complete 
|  98|0x0000000712400000, 0x0000000712600000, 0x0000000712600000|100%| E|CS|TAMS 0x0000000712400000, 0x0000000712400000| Complete 
|  99|0x0000000712600000, 0x0000000712800000, 0x0000000712800000|100%| E|CS|TAMS 0x0000000712600000, 0x0000000712600000| Complete 
| 100|0x0000000712800000, 0x0000000712a00000, 0x0000000712a00000|100%| E|CS|TAMS 0x0000000712800000, 0x0000000712800000| Complete 
| 101|0x0000000712a00000, 0x0000000712c00000, 0x0000000712c00000|100%| E|CS|TAMS 0x0000000712a00000, 0x0000000712a00000| Complete 
| 102|0x0000000712c00000, 0x0000000712e00000, 0x0000000712e00000|100%| E|CS|TAMS 0x0000000712c00000, 0x0000000712c00000| Complete 
| 103|0x0000000712e00000, 0x0000000713000000, 0x0000000713000000|100%| E|CS|TAMS 0x0000000712e00000, 0x0000000712e00000| Complete 
| 104|0x0000000713000000, 0x0000000713200000, 0x0000000713200000|100%| E|CS|TAMS 0x0000000713000000, 0x0000000713000000| Complete 
| 105|0x0000000713200000, 0x0000000713400000, 0x0000000713400000|100%| E|CS|TAMS 0x0000000713200000, 0x0000000713200000| Complete 
| 106|0x0000000713400000, 0x0000000713600000, 0x0000000713600000|100%| E|CS|TAMS 0x0000000713400000, 0x0000000713400000| Complete 
| 107|0x0000000713600000, 0x0000000713800000, 0x0000000713800000|100%| E|CS|TAMS 0x0000000713600000, 0x0000000713600000| Complete 
| 108|0x0000000713800000, 0x0000000713a00000, 0x0000000713a00000|100%| E|CS|TAMS 0x0000000713800000, 0x0000000713800000| Complete 
| 109|0x0000000713a00000, 0x0000000713c00000, 0x0000000713c00000|100%| E|CS|TAMS 0x0000000713a00000, 0x0000000713a00000| Complete 
| 110|0x0000000713c00000, 0x0000000713e00000, 0x0000000713e00000|100%| E|CS|TAMS 0x0000000713c00000, 0x0000000713c00000| Complete 
| 111|0x0000000713e00000, 0x0000000714000000, 0x0000000714000000|100%| E|CS|TAMS 0x0000000713e00000, 0x0000000713e00000| Complete 
| 112|0x0000000714000000, 0x0000000714200000, 0x0000000714200000|100%| E|CS|TAMS 0x0000000714000000, 0x0000000714000000| Complete 
| 113|0x0000000714200000, 0x0000000714400000, 0x0000000714400000|100%| E|CS|TAMS 0x0000000714200000, 0x0000000714200000| Complete 
| 114|0x0000000714400000, 0x0000000714600000, 0x0000000714600000|100%| E|CS|TAMS 0x0000000714400000, 0x0000000714400000| Complete 
| 115|0x0000000714600000, 0x0000000714800000, 0x0000000714800000|100%| E|CS|TAMS 0x0000000714600000, 0x0000000714600000| Complete 
| 116|0x0000000714800000, 0x0000000714a00000, 0x0000000714a00000|100%| E|CS|TAMS 0x0000000714800000, 0x0000000714800000| Complete 
| 117|0x0000000714a00000, 0x0000000714c00000, 0x0000000714c00000|100%| E|CS|TAMS 0x0000000714a00000, 0x0000000714a00000| Complete 
| 118|0x0000000714c00000, 0x0000000714e00000, 0x0000000714e00000|100%| E|  |TAMS 0x0000000714c00000, 0x0000000714c00000| Complete 
| 119|0x0000000714e00000, 0x0000000715000000, 0x0000000715000000|100%| E|CS|TAMS 0x0000000714e00000, 0x0000000714e00000| Complete 
| 120|0x0000000715000000, 0x0000000715200000, 0x0000000715200000|100%| E|CS|TAMS 0x0000000715000000, 0x0000000715000000| Complete 
| 121|0x0000000715200000, 0x0000000715400000, 0x0000000715400000|100%| E|CS|TAMS 0x0000000715200000, 0x0000000715200000| Complete 
| 122|0x0000000715400000, 0x0000000715600000, 0x0000000715600000|100%| E|CS|TAMS 0x0000000715400000, 0x0000000715400000| Complete 
| 123|0x0000000715600000, 0x0000000715800000, 0x0000000715800000|100%| E|CS|TAMS 0x0000000715600000, 0x0000000715600000| Complete 
| 124|0x0000000715800000, 0x0000000715a00000, 0x0000000715a00000|100%| E|CS|TAMS 0x0000000715800000, 0x0000000715800000| Complete 
| 125|0x0000000715a00000, 0x0000000715c00000, 0x0000000715c00000|100%| E|CS|TAMS 0x0000000715a00000, 0x0000000715a00000| Complete 
| 126|0x0000000715c00000, 0x0000000715e00000, 0x0000000715e00000|100%| E|CS|TAMS 0x0000000715c00000, 0x0000000715c00000| Complete 
| 127|0x0000000715e00000, 0x0000000716000000, 0x0000000716000000|100%| E|CS|TAMS 0x0000000715e00000, 0x0000000715e00000| Complete 
| 128|0x0000000716000000, 0x0000000716200000, 0x0000000716200000|100%| E|CS|TAMS 0x0000000716000000, 0x0000000716000000| Complete 
| 129|0x0000000716200000, 0x0000000716400000, 0x0000000716400000|100%| E|CS|TAMS 0x0000000716200000, 0x0000000716200000| Complete 
| 130|0x0000000716400000, 0x0000000716600000, 0x0000000716600000|100%| E|CS|TAMS 0x0000000716400000, 0x0000000716400000| Complete 
| 131|0x0000000716600000, 0x0000000716800000, 0x0000000716800000|100%| E|CS|TAMS 0x0000000716600000, 0x0000000716600000| Complete 
| 132|0x0000000716800000, 0x0000000716a00000, 0x0000000716a00000|100%| E|CS|TAMS 0x0000000716800000, 0x0000000716800000| Complete 
| 133|0x0000000716a00000, 0x0000000716c00000, 0x0000000716c00000|100%| E|CS|TAMS 0x0000000716a00000, 0x0000000716a00000| Complete 
| 134|0x0000000716c00000, 0x0000000716e00000, 0x0000000716e00000|100%| E|CS|TAMS 0x0000000716c00000, 0x0000000716c00000| Complete 
| 135|0x0000000716e00000, 0x0000000717000000, 0x0000000717000000|100%| E|CS|TAMS 0x0000000716e00000, 0x0000000716e00000| Complete 
| 136|0x0000000717000000, 0x0000000717200000, 0x0000000717200000|100%| E|CS|TAMS 0x0000000717000000, 0x0000000717000000| Complete 

Card table byte_map: [0x000001cb76350000,0x000001cb76b20000] _byte_map_base: 0x000001cb72b20000

Marking Bits (Prev, Next): (CMBitMap*) 0x000001cb5e613de0, (CMBitMap*) 0x000001cb5e613e20
 Prev Bits: [0x000001cb772f0000, 0x000001cb7b170000)
 Next Bits: [0x000001cb7b170000, 0x000001cb7eff0000)

Polling page: 0x000001cb5c3e0000

Metaspace:

Usage:
  Non-class:     77.31 MB used.
      Class:     12.42 MB used.
       Both:     89.73 MB used.

Virtual space:
  Non-class space:      128.00 MB reserved,      77.75 MB ( 61%) committed,  2 nodes.
      Class space:        1.00 GB reserved,      12.88 MB (  1%) committed,  1 nodes.
             Both:        1.12 GB reserved,      90.62 MB (  8%) committed. 

Chunk freelists:
   Non-Class:  1.70 MB
       Class:  3.19 MB
        Both:  4.88 MB

MaxMetaspaceSize: unlimited
CompressedClassSpaceSize: 1.00 GB
Initial GC threshold: 21.00 MB
Current GC threshold: 122.19 MB
CDS: on
MetaspaceReclaimPolicy: balanced
 - commit_granule_bytes: 65536.
 - commit_granule_words: 8192.
 - virtual_space_node_default_size: 8388608.
 - enlarge_chunks_in_place: 1.
 - new_chunks_are_fully_committed: 0.
 - uncommit_free_chunks: 1.
 - use_allocation_guard: 0.
 - handle_deallocations: 1.


Internal statistics:

num_allocs_failed_limit: 9.
num_arena_births: 1266.
num_arena_deaths: 2.
num_vsnodes_births: 3.
num_vsnodes_deaths: 0.
num_space_committed: 1450.
num_space_uncommitted: 0.
num_chunks_returned_to_freelist: 12.
num_chunks_taken_from_freelist: 4775.
num_chunk_merges: 9.
num_chunk_splits: 3445.
num_chunks_enlarged: 2622.
num_inconsistent_stats: 0.

CodeHeap 'non-profiled nmethods': size=119168Kb used=7398Kb max_used=7398Kb free=111769Kb
 bounds [0x000001cb6dc80000, 0x000001cb6e3c0000, 0x000001cb750e0000]
CodeHeap 'profiled nmethods': size=119104Kb used=18840Kb max_used=18840Kb free=100263Kb
 bounds [0x000001cb660e0000, 0x000001cb67350000, 0x000001cb6d530000]
CodeHeap 'non-nmethods': size=7488Kb used=3550Kb max_used=3568Kb free=3937Kb
 bounds [0x000001cb6d530000, 0x000001cb6d920000, 0x000001cb6dc80000]
 total_blobs=10301 nmethods=9341 adapters=869
 compilation: enabled
              stopped_count=0, restarted_count=0
 full_count=0

Compilation events (20 events):
Event: 16.071 Thread 0x000001cb4bc80c40 10694       3       com.sun.beans.introspect.MethodInfo::resolve (12 bytes)
Event: 16.071 Thread 0x000001cb4bc7c730 nmethod 10693 0x000001cb67323090 code [0x000001cb673232c0, 0x000001cb673239b8]
Event: 16.071 Thread 0x000001cb4bc80c40 nmethod 10694 0x000001cb67323c90 code [0x000001cb67323ea0, 0x000001cb673243d8]
Event: 16.071 Thread 0x000001cb7fc5a3b0 nmethod 10692 0x000001cb67324610 code [0x000001cb67324880, 0x000001cb67325388]
Event: 16.073 Thread 0x000001cb4bc80c40 10695       3       java.util.Collections$SynchronizedCollection::iterator (10 bytes)
Event: 16.073 Thread 0x000001cb4bc80c40 nmethod 10695 0x000001cb67325790 code [0x000001cb67325940, 0x000001cb67325b28]
Event: 16.075 Thread 0x000001cb4bc80c40 10696       3       org.codehaus.groovy.classgen.asm.BytecodeHelper::getClassInternalName (9 bytes)
Event: 16.075 Thread 0x000001cb4bc80c40 nmethod 10696 0x000001cb67325c10 code [0x000001cb67325da0, 0x000001cb67325ec8]
Event: 16.076 Thread 0x000001cb4bc80c40 10697       3       groovyjarjarasm.asm.Handler::getExceptionTableSize (10 bytes)
Event: 16.076 Thread 0x000001cb7fc5a3b0 10699       3       groovyjarjarasm.asm.ByteVector::putByteArray (49 bytes)
Event: 16.076 Thread 0x000001cb4bc7c730 10698       1       groovyjarjarasm.asm.MethodWriter::hasAsmInstructions (5 bytes)
Event: 16.076 Thread 0x000001cb4bc80c40 nmethod 10697 0x000001cb67325f90 code [0x000001cb67326140, 0x000001cb67326338]
Event: 16.076 Thread 0x000001cb4bc7c730 nmethod 10698 0x000001cb6e3b7790 code [0x000001cb6e3b7920, 0x000001cb6e3b79f8]
Event: 16.076 Thread 0x000001cb7fc5a3b0 nmethod 10699 0x000001cb67326490 code [0x000001cb67326640, 0x000001cb67326918]
Event: 16.076 Thread 0x000001cb7fc5a3b0 10700       3       java.util.stream.Nodes$ArrayNode::<init> (43 bytes)
Event: 16.077 Thread 0x000001cb4bc7c730 10701       3       java.util.ComparableTimSort::countRunAndMakeAscending (123 bytes)
Event: 16.077 Thread 0x000001cb7fc5a3b0 nmethod 10700 0x000001cb67326a10 code [0x000001cb67326be0, 0x000001cb67327098]
Event: 16.077 Thread 0x000001cb7fc5a3b0 10702       3       org.codehaus.groovy.reflection.ClassInfo::hasPerInstanceMetaClasses (13 bytes)
Event: 16.077 Thread 0x000001cb7fc5a3b0 nmethod 10702 0x000001cb67327210 code [0x000001cb673273a0, 0x000001cb67327518]
Event: 16.077 Thread 0x000001cb4bc7c730 nmethod 10701 0x000001cb67327590 code [0x000001cb673277c0, 0x000001cb67328218]

GC Heap History (20 events):
Event: 5.632 GC heap before
{Heap before GC invocations=13 (full 0):
 garbage-first heap   total 69632K, used 49638K [0x0000000706000000, 0x0000000800000000)
  region size 2048K, 13 young (26624K), 2 survivors (4096K)
 Metaspace       used 56717K, committed 57216K, reserved 1114112K
  class space    used 7639K, committed 7872K, reserved 1048576K
}
Event: 5.634 GC heap after
{Heap after GC invocations=14 (full 0):
 garbage-first heap   total 69632K, used 30368K [0x0000000706000000, 0x0000000800000000)
  region size 2048K, 2 young (4096K), 2 survivors (4096K)
 Metaspace       used 56717K, committed 57216K, reserved 1114112K
  class space    used 7639K, committed 7872K, reserved 1048576K
}
Event: 5.748 GC heap before
{Heap before GC invocations=14 (full 0):
 garbage-first heap   total 69632K, used 40608K [0x0000000706000000, 0x0000000800000000)
  region size 2048K, 8 young (16384K), 2 survivors (4096K)
 Metaspace       used 59593K, committed 60096K, reserved 1114112K
  class space    used 8092K, committed 8384K, reserved 1048576K
}
Event: 5.750 GC heap after
{Heap after GC invocations=15 (full 0):
 garbage-first heap   total 108544K, used 30987K [0x0000000706000000, 0x0000000800000000)
  region size 2048K, 1 young (2048K), 1 survivors (2048K)
 Metaspace       used 59593K, committed 60096K, reserved 1114112K
  class space    used 8092K, committed 8384K, reserved 1048576K
}
Event: 6.391 GC heap before
{Heap before GC invocations=16 (full 0):
 garbage-first heap   total 108544K, used 80139K [0x0000000706000000, 0x0000000800000000)
  region size 2048K, 26 young (53248K), 1 survivors (2048K)
 Metaspace       used 66629K, committed 67200K, reserved 1114112K
  class space    used 9127K, committed 9408K, reserved 1048576K
}
Event: 6.396 GC heap after
{Heap after GC invocations=17 (full 0):
 garbage-first heap   total 108544K, used 33624K [0x0000000706000000, 0x0000000800000000)
  region size 2048K, 3 young (6144K), 3 survivors (6144K)
 Metaspace       used 66629K, committed 67200K, reserved 1114112K
  class space    used 9127K, committed 9408K, reserved 1048576K
}
Event: 6.989 GC heap before
{Heap before GC invocations=17 (full 0):
 garbage-first heap   total 108544K, used 82776K [0x0000000706000000, 0x0000000800000000)
  region size 2048K, 27 young (55296K), 3 survivors (6144K)
 Metaspace       used 73004K, committed 73664K, reserved 1114112K
  class space    used 10196K, committed 10496K, reserved 1048576K
}
Event: 6.992 GC heap after
{Heap after GC invocations=18 (full 0):
 garbage-first heap   total 108544K, used 37020K [0x0000000706000000, 0x0000000800000000)
  region size 2048K, 4 young (8192K), 4 survivors (8192K)
 Metaspace       used 73004K, committed 73664K, reserved 1114112K
  class space    used 10196K, committed 10496K, reserved 1048576K
}
Event: 7.147 GC heap before
{Heap before GC invocations=18 (full 0):
 garbage-first heap   total 108544K, used 84124K [0x0000000706000000, 0x0000000800000000)
  region size 2048K, 27 young (55296K), 4 survivors (8192K)
 Metaspace       used 74487K, committed 75072K, reserved 1114112K
  class space    used 10413K, committed 10688K, reserved 1048576K
}
Event: 7.153 GC heap after
{Heap after GC invocations=19 (full 0):
 garbage-first heap   total 108544K, used 50530K [0x0000000706000000, 0x0000000800000000)
  region size 2048K, 4 young (8192K), 4 survivors (8192K)
 Metaspace       used 74487K, committed 75072K, reserved 1114112K
  class space    used 10413K, committed 10688K, reserved 1048576K
}
Event: 7.187 GC heap before
{Heap before GC invocations=19 (full 0):
 garbage-first heap   total 108544K, used 79202K [0x0000000706000000, 0x0000000800000000)
  region size 2048K, 18 young (36864K), 4 survivors (8192K)
 Metaspace       used 74494K, committed 75072K, reserved 1114112K
  class space    used 10413K, committed 10688K, reserved 1048576K
}
Event: 7.192 GC heap after
{Heap after GC invocations=20 (full 0):
 garbage-first heap   total 108544K, used 60513K [0x0000000706000000, 0x0000000800000000)
  region size 2048K, 3 young (6144K), 3 survivors (6144K)
 Metaspace       used 74494K, committed 75072K, reserved 1114112K
  class space    used 10413K, committed 10688K, reserved 1048576K
}
Event: 7.214 GC heap before
{Heap before GC invocations=20 (full 0):
 garbage-first heap   total 108544K, used 80993K [0x0000000706000000, 0x0000000800000000)
  region size 2048K, 13 young (26624K), 3 survivors (6144K)
 Metaspace       used 74494K, committed 75072K, reserved 1114112K
  class space    used 10413K, committed 10688K, reserved 1048576K
}
Event: 7.217 GC heap after
{Heap after GC invocations=21 (full 0):
 garbage-first heap   total 108544K, used 68434K [0x0000000706000000, 0x0000000800000000)
  region size 2048K, 2 young (4096K), 2 survivors (4096K)
 Metaspace       used 74494K, committed 75072K, reserved 1114112K
  class space    used 10413K, committed 10688K, reserved 1048576K
}
Event: 7.241 GC heap before
{Heap before GC invocations=21 (full 0):
 garbage-first heap   total 137216K, used 80722K [0x0000000706000000, 0x0000000800000000)
  region size 2048K, 8 young (16384K), 2 survivors (4096K)
 Metaspace       used 74490K, committed 75072K, reserved 1114112K
  class space    used 10413K, committed 10688K, reserved 1048576K
}
Event: 7.263 GC heap after
{Heap after GC invocations=22 (full 0):
 garbage-first heap   total 280576K, used 72448K [0x0000000706000000, 0x0000000800000000)
  region size 2048K, 1 young (2048K), 1 survivors (2048K)
 Metaspace       used 74490K, committed 75072K, reserved 1114112K
  class space    used 10413K, committed 10688K, reserved 1048576K
}
Event: 7.474 GC heap before
{Heap before GC invocations=23 (full 0):
 garbage-first heap   total 280576K, used 189184K [0x0000000706000000, 0x0000000800000000)
  region size 2048K, 58 young (118784K), 1 survivors (2048K)
 Metaspace       used 74744K, committed 75328K, reserved 1114112K
  class space    used 10466K, committed 10752K, reserved 1048576K
}
Event: 7.477 GC heap after
{Heap after GC invocations=24 (full 0):
 garbage-first heap   total 280576K, used 75052K [0x0000000706000000, 0x0000000800000000)
  region size 2048K, 3 young (6144K), 3 survivors (6144K)
 Metaspace       used 74744K, committed 75328K, reserved 1114112K
  class space    used 10466K, committed 10752K, reserved 1048576K
}
Event: 9.000 GC heap before
{Heap before GC invocations=24 (full 0):
 garbage-first heap   total 280576K, used 216364K [0x0000000706000000, 0x0000000800000000)
  region size 2048K, 72 young (147456K), 3 survivors (6144K)
 Metaspace       used 82877K, committed 83584K, reserved 1179648K
  class space    used 11558K, committed 11904K, reserved 1048576K
}
Event: 9.006 GC heap after
{Heap after GC invocations=25 (full 0):
 garbage-first heap   total 280576K, used 83223K [0x0000000706000000, 0x0000000800000000)
  region size 2048K, 7 young (14336K), 7 survivors (14336K)
 Metaspace       used 82877K, committed 83584K, reserved 1179648K
  class space    used 11558K, committed 11904K, reserved 1048576K
}

Dll operation events (13 events):
Event: 0.005 Loaded shared library D:\jdk\bin\java.dll
Event: 0.016 Loaded shared library D:\jdk\bin\jsvml.dll
Event: 0.067 Loaded shared library D:\jdk\bin\zip.dll
Event: 0.068 Loaded shared library D:\jdk\bin\instrument.dll
Event: 0.071 Loaded shared library D:\jdk\bin\net.dll
Event: 0.072 Loaded shared library D:\jdk\bin\nio.dll
Event: 0.073 Loaded shared library D:\jdk\bin\zip.dll
Event: 0.124 Loaded shared library D:\jdk\bin\extnet.dll
Event: 0.140 Loaded shared library D:\jdk\bin\jimage.dll
Event: 0.294 Loaded shared library D:\jdk\bin\management.dll
Event: 0.296 Loaded shared library D:\jdk\bin\management_ext.dll
Event: 1.015 Loaded shared library D:\jdk\bin\sunmscapi.dll
Event: 15.573 Loaded shared library D:\jdk\bin\verify.dll

Deoptimization events (20 events):
Event: 15.926 Thread 0x000001cb4bcadf90 Uncommon trap: trap_request=0xffffffde fr.pc=0x000001cb6dec8f44 relative=0x0000000000000044
Event: 15.926 Thread 0x000001cb4bcadf90 Uncommon trap: reason=class_check action=maybe_recompile pc=0x000001cb6dec8f44 method=java.lang.invoke.DirectMethodHandle.internalMemberName(Ljava/lang/Object;)Ljava/lang/Object; @ 1 c2
Event: 15.926 Thread 0x000001cb4bcadf90 DEOPT PACKING pc=0x000001cb6dec8f44 sp=0x00000034e19f9930
Event: 15.926 Thread 0x000001cb4bcadf90 DEOPT UNPACKING pc=0x000001cb6d5869a3 sp=0x00000034e19f98c0 mode 2
Event: 15.971 Thread 0x000001cb4bcadf90 Uncommon trap: trap_request=0xffffff45 fr.pc=0x000001cb6e3a6070 relative=0x0000000000000830
Event: 15.971 Thread 0x000001cb4bcadf90 Uncommon trap: reason=unstable_if action=reinterpret pc=0x000001cb6e3a6070 method=groovy.lang.MetaClassImpl.checkIfStdMethod(Lgroovy/lang/MetaMethod;)V @ 31 c2
Event: 15.971 Thread 0x000001cb4bcadf90 DEOPT PACKING pc=0x000001cb6e3a6070 sp=0x00000034e19fa430
Event: 15.971 Thread 0x000001cb4bcadf90 DEOPT UNPACKING pc=0x000001cb6d5869a3 sp=0x00000034e19fa3a0 mode 2
Event: 16.000 Thread 0x000001cb4bcadf90 Uncommon trap: trap_request=0xffffffde fr.pc=0x000001cb6dec8f44 relative=0x0000000000000044
Event: 16.000 Thread 0x000001cb4bcadf90 Uncommon trap: reason=class_check action=maybe_recompile pc=0x000001cb6dec8f44 method=java.lang.invoke.DirectMethodHandle.internalMemberName(Ljava/lang/Object;)Ljava/lang/Object; @ 1 c2
Event: 16.000 Thread 0x000001cb4bcadf90 DEOPT PACKING pc=0x000001cb6dec8f44 sp=0x00000034e19f8460
Event: 16.000 Thread 0x000001cb4bcadf90 DEOPT UNPACKING pc=0x000001cb6d5869a3 sp=0x00000034e19f83f0 mode 2
Event: 16.001 Thread 0x000001cb4bcadf90 Uncommon trap: trap_request=0xfffffff4 fr.pc=0x000001cb6e3a7360 relative=0x00000000000002e0
Event: 16.001 Thread 0x000001cb4bcadf90 Uncommon trap: reason=null_check action=make_not_entrant pc=0x000001cb6e3a7360 method=sun.invoke.util.VerifyType.isNullConversion(Ljava/lang/Class;Ljava/lang/Class;Z)Z @ 22 c2
Event: 16.001 Thread 0x000001cb4bcadf90 DEOPT PACKING pc=0x000001cb6e3a7360 sp=0x00000034e19f78e0
Event: 16.001 Thread 0x000001cb4bcadf90 DEOPT UNPACKING pc=0x000001cb6d5869a3 sp=0x00000034e19f7888 mode 2
Event: 16.001 Thread 0x000001cb4bcadf90 Uncommon trap: trap_request=0xffffff45 fr.pc=0x000001cb6dfc84f0 relative=0x00000000000025d0
Event: 16.001 Thread 0x000001cb4bcadf90 Uncommon trap: reason=unstable_if action=reinterpret pc=0x000001cb6dfc84f0 method=jdk.internal.org.objectweb.asm.Frame.execute(IILjdk/internal/org/objectweb/asm/Symbol;Ljdk/internal/org/objectweb/asm/SymbolTable;)V @ 1249 c2
Event: 16.001 Thread 0x000001cb4bcadf90 DEOPT PACKING pc=0x000001cb6dfc84f0 sp=0x00000034e19f7940
Event: 16.001 Thread 0x000001cb4bcadf90 DEOPT UNPACKING pc=0x000001cb6d5869a3 sp=0x00000034e19f78e0 mode 2

Classes loaded (20 events):
Event: 16.052 Loading class java/util/LinkedHashMap$LinkedEntrySetCustomizer
Event: 16.052 Loading class java/util/LinkedHashMap$LinkedEntrySetCustomizer done
Event: 16.052 Loading class java/util/LinkedHashMap$LinkedEntrySetCustomizer
Event: 16.052 Loading class java/util/LinkedHashMap$LinkedEntrySetCustomizer done
Event: 16.053 Loading class java/util/LinkedHashMap$EntryBeanInfo
Event: 16.053 Loading class java/util/LinkedHashMap$EntryBeanInfo done
Event: 16.054 Loading class java/util/LinkedHashMap$EntryBeanInfo
Event: 16.054 Loading class java/util/LinkedHashMap$EntryBeanInfo done
Event: 16.054 Loading class java/util/HashMap$NodeBeanInfo
Event: 16.054 Loading class java/util/HashMap$NodeBeanInfo done
Event: 16.054 Loading class java/util/HashMap$NodeBeanInfo
Event: 16.054 Loading class java/util/HashMap$NodeBeanInfo done
Event: 16.054 Loading class java/util/HashMap$NodeCustomizer
Event: 16.054 Loading class java/util/HashMap$NodeCustomizer done
Event: 16.054 Loading class java/util/HashMap$NodeCustomizer
Event: 16.054 Loading class java/util/HashMap$NodeCustomizer done
Event: 16.055 Loading class java/util/LinkedHashMap$EntryCustomizer
Event: 16.055 Loading class java/util/LinkedHashMap$EntryCustomizer done
Event: 16.056 Loading class java/util/LinkedHashMap$EntryCustomizer
Event: 16.056 Loading class java/util/LinkedHashMap$EntryCustomizer done

Classes unloaded (1 events):
Event: 7.231 Thread 0x000001cb7fc2a5a0 Unloading class 0x000001cb04984800 'jdk/internal/reflect/GeneratedSerializationConstructorAccessor1'

Classes redefined (0 events):
No events

Internal exceptions (20 events):
Event: 16.054 Thread 0x000001cb4bcadf90 Exception <a 'java/lang/ClassNotFoundException'{0x00000007123b7460}: java/util/LinkedHashMap$EntryBeanInfo> (0x00000007123b7460) 
thrown [s\src\hotspot\share\classfile\systemDictionary.cpp, line 256]
Event: 16.054 Thread 0x000001cb4bcadf90 Exception <a 'java/lang/ClassNotFoundException'{0x00000007123beef8}: java/util/HashMap$NodeBeanInfo> (0x00000007123beef8) 
thrown [s\src\hotspot\share\classfile\systemDictionary.cpp, line 256]
Event: 16.054 Thread 0x000001cb4bcadf90 Exception <a 'java/lang/ClassNotFoundException'{0x00000007123c66c8}: java/util/HashMap$NodeCustomizer> (0x00000007123c66c8) 
thrown [s\src\hotspot\share\classfile\systemDictionary.cpp, line 256]
Event: 16.056 Thread 0x000001cb4bcadf90 Exception <a 'java/lang/ClassNotFoundException'{0x00000007123e0c00}: java/util/LinkedHashMap$EntryCustomizer> (0x00000007123e0c00) 
thrown [s\src\hotspot\share\classfile\systemDictionary.cpp, line 256]
Event: 16.058 Thread 0x000001cb4bcadf90 Exception <a 'java/lang/ClassNotFoundException'{0x000000071207dd70}: groovy/lang/GString$1BeanInfo> (0x000000071207dd70) 
thrown [s\src\hotspot\share\classfile\systemDictionary.cpp, line 256]
Event: 16.059 Thread 0x000001cb4bcadf90 Exception <a 'java/lang/ClassNotFoundException'{0x0000000712093ad8}: groovy/lang/GStringBeanInfo> (0x0000000712093ad8) 
thrown [s\src\hotspot\share\classfile\systemDictionary.cpp, line 256]
Event: 16.060 Thread 0x000001cb4bcadf90 Exception <a 'java/lang/ClassNotFoundException'{0x00000007120a9840}: groovy/lang/GStringCustomizer> (0x00000007120a9840) 
thrown [s\src\hotspot\share\classfile\systemDictionary.cpp, line 256]
Event: 16.061 Thread 0x000001cb4bcadf90 Exception <a 'java/lang/ClassNotFoundException'{0x00000007120cb6c8}: groovy/lang/GString$1Customizer> (0x00000007120cb6c8) 
thrown [s\src\hotspot\share\classfile\systemDictionary.cpp, line 256]
Event: 16.064 Thread 0x000001cb4bcadf90 Exception <a 'java/lang/ClassNotFoundException'{0x0000000711f44788}: org/codehaus/groovy/runtime/GStringImplBeanInfo> (0x0000000711f44788) 
thrown [s\src\hotspot\share\classfile\systemDictionary.cpp, line 256]
Event: 16.065 Thread 0x000001cb4bcadf90 Exception <a 'java/lang/ClassNotFoundException'{0x0000000711cc4e28}: org/codehaus/groovy/runtime/GStringImplCustomizer> (0x0000000711cc4e28) 
thrown [s\src\hotspot\share\classfile\systemDictionary.cpp, line 256]
Event: 16.067 Thread 0x000001cb4bcadf90 Exception <a 'java/lang/ClassNotFoundException'{0x0000000711cee7c0}: org/thymeleaf/engine/ElementDefinitionsBeanInfo> (0x0000000711cee7c0) 
thrown [s\src\hotspot\share\classfile\systemDictionary.cpp, line 256]
Event: 16.068 Thread 0x000001cb4bcadf90 Exception <a 'java/lang/ClassNotFoundException'{0x0000000711cf9180}: org/thymeleaf/engine/ElementDefinitionsCustomizer> (0x0000000711cf9180) 
thrown [s\src\hotspot\share\classfile\systemDictionary.cpp, line 256]
Event: 16.069 Thread 0x000001cb4bcadf90 Exception <a 'java/lang/ClassNotFoundException'{0x0000000711d1fbe8}: org/thymeleaf/engine/HTMLElementDefinitionBeanInfo> (0x0000000711d1fbe8) 
thrown [s\src\hotspot\share\classfile\systemDictionary.cpp, line 256]
Event: 16.070 Thread 0x000001cb4bcadf90 Exception <a 'java/lang/ClassNotFoundException'{0x0000000711d2a210}: org/thymeleaf/engine/ElementDefinitionBeanInfo> (0x0000000711d2a210) 
thrown [s\src\hotspot\share\classfile\systemDictionary.cpp, line 256]
Event: 16.071 Thread 0x000001cb4bcadf90 Exception <a 'java/lang/ClassNotFoundException'{0x0000000711d348e0}: org/thymeleaf/engine/ElementDefinitionCustomizer> (0x0000000711d348e0) 
thrown [s\src\hotspot\share\classfile\systemDictionary.cpp, line 256]
Event: 16.072 Thread 0x000001cb4bcadf90 Exception <a 'java/lang/ClassNotFoundException'{0x0000000711d449c8}: org/thymeleaf/engine/HTMLElementDefinitionCustomizer> (0x0000000711d449c8) 
thrown [s\src\hotspot\share\classfile\systemDictionary.cpp, line 256]
Event: 16.073 Thread 0x000001cb4bcadf90 Exception <a 'java/lang/ClassNotFoundException'{0x0000000711d5b018}: org/thymeleaf/engine/HTMLElementTypeBeanInfo> (0x0000000711d5b018) 
thrown [s\src\hotspot\share\classfile\systemDictionary.cpp, line 256]
Event: 16.073 Thread 0x000001cb4bcadf90 Exception <a 'java/lang/ClassNotFoundException'{0x0000000711d65608}: org/thymeleaf/engine/HTMLElementTypeCustomizer> (0x0000000711d65608) 
thrown [s\src\hotspot\share\classfile\systemDictionary.cpp, line 256]
Event: 16.074 Thread 0x000001cb4bcadf90 Exception <a 'java/lang/ClassNotFoundException'{0x0000000711d7ca20}: org/thymeleaf/model/AttributeValueQuotesBeanInfo> (0x0000000711d7ca20) 
thrown [s\src\hotspot\share\classfile\systemDictionary.cpp, line 256]
Event: 16.075 Thread 0x000001cb4bcadf90 Exception <a 'java/lang/ClassNotFoundException'{0x0000000711d87200}: org/thymeleaf/model/AttributeValueQuotesCustomizer> (0x0000000711d87200) 
thrown [s\src\hotspot\share\classfile\systemDictionary.cpp, line 256]

VM Operations (20 events):
Event: 15.086 Executing VM operation: Cleanup
Event: 15.086 Executing VM operation: Cleanup done
Event: 15.120 Executing VM operation: HandshakeAllThreads
Event: 15.120 Executing VM operation: HandshakeAllThreads done
Event: 15.222 Executing VM operation: HandshakeAllThreads
Event: 15.222 Executing VM operation: HandshakeAllThreads done
Event: 15.344 Executing VM operation: HandshakeAllThreads
Event: 15.344 Executing VM operation: HandshakeAllThreads done
Event: 15.410 Executing VM operation: HandshakeAllThreads
Event: 15.410 Executing VM operation: HandshakeAllThreads done
Event: 15.430 Executing VM operation: HandshakeAllThreads
Event: 15.430 Executing VM operation: HandshakeAllThreads done
Event: 15.446 Executing VM operation: HandshakeAllThreads
Event: 15.446 Executing VM operation: HandshakeAllThreads done
Event: 15.805 Executing VM operation: HandshakeAllThreads
Event: 15.805 Executing VM operation: HandshakeAllThreads done
Event: 15.806 Executing VM operation: ICBufferFull
Event: 15.806 Executing VM operation: ICBufferFull done
Event: 16.807 Executing VM operation: Cleanup
Event: 16.807 Executing VM operation: Cleanup done

Memory protections (0 events):
No events

Nmethod flushes (20 events):
Event: 7.446 Thread 0x000001cb7fc63840 flushing  nmethod 0x000001cb66f8b590
Event: 7.446 Thread 0x000001cb7fc63840 flushing  nmethod 0x000001cb66f8d390
Event: 7.446 Thread 0x000001cb7fc63840 flushing  nmethod 0x000001cb66f97510
Event: 7.446 Thread 0x000001cb7fc63840 flushing  nmethod 0x000001cb66f98c10
Event: 7.446 Thread 0x000001cb7fc63840 flushing  nmethod 0x000001cb66f9ea10
Event: 7.446 Thread 0x000001cb7fc63840 flushing  nmethod 0x000001cb66f9f610
Event: 7.446 Thread 0x000001cb7fc63840 flushing  nmethod 0x000001cb66fa5a10
Event: 7.446 Thread 0x000001cb7fc63840 flushing  nmethod 0x000001cb66fa6f10
Event: 7.446 Thread 0x000001cb7fc63840 flushing  nmethod 0x000001cb66fabd90
Event: 7.446 Thread 0x000001cb7fc63840 flushing  nmethod 0x000001cb66fbc410
Event: 7.446 Thread 0x000001cb7fc63840 flushing osr nmethod 0x000001cb66fc1310
Event: 7.446 Thread 0x000001cb7fc63840 flushing osr nmethod 0x000001cb66fc5590
Event: 7.446 Thread 0x000001cb7fc63840 flushing  nmethod 0x000001cb66fc6610
Event: 7.446 Thread 0x000001cb7fc63840 flushing  nmethod 0x000001cb66fca910
Event: 7.446 Thread 0x000001cb7fc63840 flushing  nmethod 0x000001cb66fd3110
Event: 7.446 Thread 0x000001cb7fc63840 flushing  nmethod 0x000001cb66fd6010
Event: 7.446 Thread 0x000001cb7fc63840 flushing  nmethod 0x000001cb66feb110
Event: 8.661 Thread 0x000001cb7fc63840 flushing  nmethod 0x000001cb66b52110
Event: 8.682 Thread 0x000001cb7fc63840 flushing  nmethod 0x000001cb66f96690
Event: 8.682 Thread 0x000001cb7fc63840 flushing  nmethod 0x000001cb66fc9090

Events (20 events):
Event: 8.999 Thread 0x000001cb0248ce00 Thread added: 0x000001cb4bcb1c50
Event: 9.019 Thread 0x000001cb0248ce00 Thread added: 0x000001cb4bcb2160
Event: 9.020 Thread 0x000001cb0248ce00 Thread added: 0x000001cb4bcb2670
Event: 9.041 Thread 0x000001cb0248ce00 Thread exited: 0x000001cb0248ce00
Event: 9.042 Thread 0x000001cb02489b60 Thread exited: 0x000001cb02489b60
Event: 9.042 Thread 0x000001cb5e5a5a40 Thread exited: 0x000001cb5e5a5a40
Event: 9.042 Thread 0x000001cb4bcb2b80 Thread added: 0x000001cb4bcb2b80
Event: 9.603 Thread 0x000001cb4bc7dc70 Thread exited: 0x000001cb4bc7dc70
Event: 9.603 Thread 0x000001cb48cb1290 Thread exited: 0x000001cb48cb1290
Event: 9.603 Thread 0x000001cb48cb37c0 Thread exited: 0x000001cb48cb37c0
Event: 10.152 Thread 0x000001cb024a0770 Thread exited: 0x000001cb024a0770
Event: 10.152 Thread 0x000001cb48cb3270 Thread exited: 0x000001cb48cb3270
Event: 10.152 Thread 0x000001cb0249e240 Thread exited: 0x000001cb0249e240
Event: 10.152 Thread 0x000001cb48cb4260 Thread exited: 0x000001cb48cb4260
Event: 10.722 Thread 0x000001cb4bcada80 Thread exited: 0x000001cb4bcada80
Event: 10.811 Thread 0x000001cb48cb47b0 Thread exited: 0x000001cb48cb47b0
Event: 15.624 Thread 0x000001cb7fc5a3b0 Thread added: 0x000001cb4bc7cc80
Event: 15.685 Thread 0x000001cb4bc7cc80 Thread added: 0x000001cb4bc7c730
Event: 15.841 Thread 0x000001cb4bc7c730 Thread added: 0x000001cb4bc806f0
Event: 15.959 Thread 0x000001cb4bc7c730 Thread added: 0x000001cb4bc80c40


Dynamic libraries:
0x00007ff766590000 - 0x00007ff76659e000 	D:\jdk\bin\java.exe
0x00007ffb104e0000 - 0x00007ffb10748000 	C:\WINDOWS\SYSTEM32\ntdll.dll
0x00007ffb0fa00000 - 0x00007ffb0fac9000 	C:\WINDOWS\System32\KERNEL32.DLL
0x00007ffb0cf30000 - 0x00007ffb0d321000 	C:\WINDOWS\System32\KERNELBASE.dll
0x00007ffb0d330000 - 0x00007ffb0d47b000 	C:\WINDOWS\System32\ucrtbase.dll
0x00007ffb09db0000 - 0x00007ffb09dc7000 	D:\jdk\bin\jli.dll
0x00007ffb09d90000 - 0x00007ffb09dab000 	D:\jdk\bin\VCRUNTIME140.dll
0x00007ffb0e280000 - 0x00007ffb0e446000 	C:\WINDOWS\System32\USER32.dll
0x00007ffb0d480000 - 0x00007ffb0d4a7000 	C:\WINDOWS\System32\win32u.dll
0x00007ffb0fdd0000 - 0x00007ffb0fdfb000 	C:\WINDOWS\System32\GDI32.dll
0x00007ffaf4830000 - 0x00007ffaf4ac3000 	C:\WINDOWS\WinSxS\amd64_microsoft.windows.common-controls_6595b64144ccf1df_6.0.26100.7705_none_3e06597ae3363b04\COMCTL32.dll
0x00007ffb0d4b0000 - 0x00007ffb0d5db000 	C:\WINDOWS\System32\gdi32full.dll
0x00007ffb0fbe0000 - 0x00007ffb0fc89000 	C:\WINDOWS\System32\msvcrt.dll
0x00007ffb0e060000 - 0x00007ffb0e103000 	C:\WINDOWS\System32\msvcp_win.dll
0x00007ffb0e450000 - 0x00007ffb0e481000 	C:\WINDOWS\System32\IMM32.DLL
0x00007ffb09d80000 - 0x00007ffb09d8c000 	D:\jdk\bin\vcruntime140_1.dll
0x00007ffaf46f0000 - 0x00007ffaf477d000 	D:\jdk\bin\msvcp140.dll
0x00007ffad9100000 - 0x00007ffad9d6c000 	D:\jdk\bin\server\jvm.dll
0x00007ffb0e7b0000 - 0x00007ffb0e864000 	C:\WINDOWS\System32\ADVAPI32.dll
0x00007ffb0fad0000 - 0x00007ffb0fb76000 	C:\WINDOWS\System32\sechost.dll
0x00007ffb100f0000 - 0x00007ffb10208000 	C:\WINDOWS\System32\RPCRT4.dll
0x00007ffb0e490000 - 0x00007ffb0e504000 	C:\WINDOWS\System32\WS2_32.dll
0x00007ffb0b9a0000 - 0x00007ffb0b9fe000 	C:\WINDOWS\SYSTEM32\POWRPROF.dll
0x00007ffb026d0000 - 0x00007ffb026db000 	C:\WINDOWS\SYSTEM32\VERSION.dll
0x00007ffb02670000 - 0x00007ffb026a5000 	C:\WINDOWS\SYSTEM32\WINMM.dll
0x00007ffb0b980000 - 0x00007ffb0b994000 	C:\WINDOWS\SYSTEM32\UMPDC.dll
0x00007ffb0bc50000 - 0x00007ffb0bc6b000 	C:\WINDOWS\SYSTEM32\kernel.appcore.dll
0x00007ffb083c0000 - 0x00007ffb083ca000 	D:\jdk\bin\jimage.dll
0x00007ffb0ad90000 - 0x00007ffb0afd2000 	C:\WINDOWS\SYSTEM32\DBGHELP.DLL
0x00007ffb0e870000 - 0x00007ffb0ebf6000 	C:\WINDOWS\System32\combase.dll
0x00007ffb0f8a0000 - 0x00007ffb0f977000 	C:\WINDOWS\System32\OLEAUT32.dll
0x00007ffaf24e0000 - 0x00007ffaf251b000 	C:\WINDOWS\SYSTEM32\dbgcore.DLL
0x00007ffb0e1d0000 - 0x00007ffb0e275000 	C:\WINDOWS\System32\bcryptPrimitives.dll
0x00007ffaf35a0000 - 0x00007ffaf35ae000 	D:\jdk\bin\instrument.dll
0x00007ffaf4660000 - 0x00007ffaf4685000 	D:\jdk\bin\java.dll
0x00007ffae6110000 - 0x00007ffae61e7000 	D:\jdk\bin\jsvml.dll
0x00007ffb0f0b0000 - 0x00007ffb0f801000 	C:\WINDOWS\System32\SHELL32.dll
0x00007ffb0cdc0000 - 0x00007ffb0cf2a000 	C:\WINDOWS\System32\wintypes.dll
0x00007ffb0d5e0000 - 0x00007ffb0de42000 	C:\WINDOWS\System32\windows.storage.dll
0x00007ffb0ffe0000 - 0x00007ffb100d6000 	C:\WINDOWS\System32\SHCORE.dll
0x00007ffb10430000 - 0x00007ffb10497000 	C:\WINDOWS\System32\shlwapi.dll
0x00007ffb0cce0000 - 0x00007ffb0cd09000 	C:\WINDOWS\SYSTEM32\profapi.dll
0x00007ffaf35f0000 - 0x00007ffaf3608000 	D:\jdk\bin\zip.dll
0x00007ffb05ce0000 - 0x00007ffb05cf9000 	D:\jdk\bin\net.dll
0x00007ffb07960000 - 0x00007ffb07a87000 	C:\WINDOWS\SYSTEM32\WINHTTP.dll
0x00007ffb0c1a0000 - 0x00007ffb0c20b000 	C:\WINDOWS\system32\mswsock.dll
0x00007ffaf4610000 - 0x00007ffaf4626000 	D:\jdk\bin\nio.dll
0x00007ffb026c0000 - 0x00007ffb026c9000 	D:\jdk\bin\extnet.dll
0x00007ffaf35e0000 - 0x00007ffaf35e9000 	D:\jdk\bin\management.dll
0x00007ffaf35d0000 - 0x00007ffaf35db000 	D:\jdk\bin\management_ext.dll
0x00007ffb0ec10000 - 0x00007ffb0ec18000 	C:\WINDOWS\System32\PSAPI.DLL
0x00007ffb06e60000 - 0x00007ffb06e6e000 	D:\jdk\bin\sunmscapi.dll
0x00007ffb0de50000 - 0x00007ffb0dfc7000 	C:\WINDOWS\System32\CRYPT32.dll
0x00007ffb0c6e0000 - 0x00007ffb0c710000 	C:\WINDOWS\SYSTEM32\ncrypt.dll
0x00007ffb0c690000 - 0x00007ffb0c6cf000 	C:\WINDOWS\SYSTEM32\NTASN1.dll
0x00007ffb0c590000 - 0x00007ffb0c5ab000 	C:\WINDOWS\SYSTEM32\CRYPTSP.dll
0x00007ffb0bbb0000 - 0x00007ffb0bbe9000 	C:\WINDOWS\system32\rsaenh.dll
0x00007ffb0c250000 - 0x00007ffb0c27b000 	C:\WINDOWS\SYSTEM32\USERENV.dll
0x00007ffb0ccb0000 - 0x00007ffb0ccda000 	C:\WINDOWS\SYSTEM32\bcrypt.dll
0x00007ffb0c3f0000 - 0x00007ffb0c3fc000 	C:\WINDOWS\SYSTEM32\CRYPTBASE.dll
0x00007ffb0b670000 - 0x00007ffb0b6a4000 	C:\WINDOWS\SYSTEM32\IPHLPAPI.DLL
0x00007ffb100e0000 - 0x00007ffb100ea000 	C:\WINDOWS\System32\NSI.dll
0x00007ffb07b40000 - 0x00007ffb07b5e000 	C:\WINDOWS\SYSTEM32\dhcpcsvc6.DLL
0x00007ffb07b10000 - 0x00007ffb07b33000 	C:\WINDOWS\SYSTEM32\dhcpcsvc.DLL
0x00007ffb0b750000 - 0x00007ffb0b87c000 	C:\WINDOWS\SYSTEM32\DNSAPI.dll
0x00007ffae1d90000 - 0x00007ffae1d98000 	C:\WINDOWS\system32\wshunix.dll
0x00007ffaf3570000 - 0x00007ffaf3580000 	D:\jdk\bin\verify.dll

dbghelp: loaded successfully - version: 4.0.5 - missing functions: none
symbol engine: initialized successfully - sym options: 0x614 - pdb path: .;D:\jdk\bin;C:\WINDOWS\SYSTEM32;C:\WINDOWS\WinSxS\amd64_microsoft.windows.common-controls_6595b64144ccf1df_6.0.26100.7705_none_3e06597ae3363b04;D:\jdk\bin\server

VM Arguments:
jvm_args: -javaagent:D:\IntelliJ IDEA Community Edition 2025.1.3\lib\idea_rt.jar=56859 -Dfile.encoding=UTF-8 
java_command: com.example.demo.CarbookApplication
java_class_path (initial): D:\Course Final Project\carbook\target\classes;C:\Users\user\.m2\repository\org\springframework\boot\spring-boot-starter-data-jdbc\3.5.8\spring-boot-starter-data-jdbc-3.5.8.jar;C:\Users\user\.m2\repository\org\springframework\boot\spring-boot-starter-jdbc\3.5.8\spring-boot-starter-jdbc-3.5.8.jar;C:\Users\user\.m2\repository\com\zaxxer\HikariCP\6.3.3\HikariCP-6.3.3.jar;C:\Users\user\.m2\repository\org\springframework\spring-jdbc\6.2.14\spring-jdbc-6.2.14.jar;C:\Users\user\.m2\repository\org\springframework\data\spring-data-jdbc\3.5.6\spring-data-jdbc-3.5.6.jar;C:\Users\user\.m2\repository\org\springframework\data\spring-data-relational\3.5.6\spring-data-relational-3.5.6.jar;C:\Users\user\.m2\repository\org\springframework\data\spring-data-commons\3.5.6\spring-data-commons-3.5.6.jar;C:\Users\user\.m2\repository\org\springframework\spring-tx\6.2.14\spring-tx-6.2.14.jar;C:\Users\user\.m2\repository\org\springframework\spring-context\6.2.14\spring-context-6.2.14.jar;C:\Users\user\.m2\repository\org\springframework\spring-beans\6.2.14\spring-beans-6.2.14.jar;C:\Users\user\.m2\repository\org\springframework\boot\spring-boot-starter-data-jpa\3.5.8\spring-boot-starter-data-jpa-3.5.8.jar;C:\Users\user\.m2\repository\org\springframework\boot\spring-boot-starter\3.5.8\spring-boot-starter-3.5.8.jar;C:\Users\user\.m2\repository\org\springframework\boot\spring-boot-starter-logging\3.5.8\spring-boot-starter-logging-3.5.8.jar;C:\Users\user\.m2\repository\ch\qos\logback\logback-classic\1.5.21\logback-classic-1.5.21.jar;C:\Users\user\.m2\repository\ch\qos\logback\logback-core\1.5.21\logback-core-1.5.21.jar;C:\Users\user\.m2\repository\org\apache\logging\log4j\log4j-to-slf4j\2.24.3\log4j-to-slf4j-2.24.3.jar;C:\Users\user\.m2\repository\org\apache\logging\log4j\log4j-api\2.24.3\log4j-api-2.24.3.jar;C:\Users\user\.m2\repository\org\slf4j\jul-to-slf4j\2.0.17\jul-to-slf4j-2.0.17.jar;C:\Users\user\.m2\repository\jakarta\annotation\jakarta.annotation-api\2.1.1\ja
Launcher Type: SUN_STANDARD

[Global flags]
     intx CICompilerCount                          = 12                                        {product} {ergonomic}
     uint ConcGCThreads                            = 4                                         {product} {ergonomic}
     uint G1ConcRefinementThreads                  = 15                                        {product} {ergonomic}
   size_t G1HeapRegionSize                         = 2097152                                   {product} {ergonomic}
    uintx GCDrainStackTargetSize                   = 64                                        {product} {ergonomic}
   size_t InitialHeapSize                          = 262144000                                 {product} {ergonomic}
   size_t MarkStackSize                            = 4194304                                   {product} {ergonomic}
   size_t MaxHeapSize                              = 4194304000                                {product} {ergonomic}
   size_t MaxNewSize                               = 2516582400                                {product} {ergonomic}
   size_t MinHeapDeltaBytes                        = 2097152                                   {product} {ergonomic}
   size_t MinHeapSize                              = 8388608                                   {product} {ergonomic}
    uintx NonNMethodCodeHeapSize                   = 7602480                                {pd product} {ergonomic}
    uintx NonProfiledCodeHeapSize                  = 122027880                              {pd product} {ergonomic}
    uintx ProfiledCodeHeapSize                     = 122027880                              {pd product} {ergonomic}
    uintx ReservedCodeCacheSize                    = 251658240                              {pd product} {ergonomic}
     bool SegmentedCodeCache                       = true                                      {product} {ergonomic}
   size_t SoftMaxHeapSize                          = 4194304000                             {manageable} {ergonomic}
     bool UseCompressedClassPointers               = true                           {product lp64_product} {ergonomic}
     bool UseCompressedOops                        = true                           {product lp64_product} {ergonomic}
     bool UseG1GC                                  = true                                      {product} {ergonomic}
     bool UseLargePagesIndividualAllocation        = false                                  {pd product} {ergonomic}

Logging:
Log output configuration:
 #0: stdout all=warning uptime,level,tags
 #1: stderr all=off uptime,level,tags

Environment Variables:
PATH=C:\Program Files (x86)\Common Files\Oracle\Java\java8path;C:\Program Files (x86)\Common Files\Oracle\Java\javapath;C:\WINDOWS\system32;C:\WINDOWS;C:\WINDOWS\System32\Wbem;C:\WINDOWS\System32\WindowsPowerShell\v1.0\;C:\WINDOWS\System32\OpenSSH\;C:\Program Files\dotnet\;C:\Program Files\NVIDIA Corporation\NVIDIA App\NvDLISR;C:\Program Files (x86)\NVIDIA Corporation\PhysX\Common;C:\Program Files\Git\cmd;C:\Program Files\Apache\apache-maven-3.9.11\bin;;C:\Program Files\Docker\Docker\resources\bin;C:\Users\user\AppData\Local\Microsoft\WindowsApps;D:\IntelliJ IDEA Community Edition 2025.1.3\bin;;C:\Users\user\AppData\Local\Programs\Microsoft VS Code\bin;C:\Users\user\AppData\Local\GitHubDesktop\bin
USERNAME=Ilgar
OS=Windows_NT
PROCESSOR_IDENTIFIER=Intel64 Family 6 Model 183 Stepping 1, GenuineIntel
TMP=C:\Users\user\AppData\Local\Temp
TEMP=C:\Users\user\AppData\Local\Temp



Periodic native trim disabled


---------------  S Y S T E M  ---------------

OS:
 Windows 11 , 64 bit Build 26100 (10.0.26100.7705)
OS uptime: 0 days 5:47 hours
Hyper-V role detected

CPU: total 20 (initial active 20) (10 cores per cpu, 2 threads per core) family 6 model 183 stepping 1 microcode 0x12b, cx8, cmov, fxsr, ht, mmx, 3dnowpref, sse, sse2, sse3, ssse3, sse4.1, sse4.2, popcnt, lzcnt, tsc, tscinvbit, avx, avx2, aes, erms, clmul, bmi1, bmi2, adx, sha, fma, vzeroupper, clflush, clflushopt, clwb, hv
Processor Information for all 20 processors :
  Max Mhz: 2600, Current Mhz: 2600, Mhz Limit: 2600

Memory: 4k page, system-wide physical 15995M (1147M free)
TotalPageFile size 28283M (AvailPageFile size 19M)
current process WorkingSet (physical memory assigned to process): 495M, peak: 529M
current process commit charge ("private bytes"): 583M, peak: 620M

vm_info: OpenJDK 64-Bit Server VM (17.0.15+6-LTS) for windows-amd64 JRE (17.0.15+6-LTS), built on Apr  9 2025 23:33:55 by "Administrator" with MS VC++ 16.10 / 16.11 (VS2019)

END.
