#
# There is insufficient memory for the Java Runtime Environment to continue.
# Native memory allocation (mmap) failed to map 262144000 bytes. Error detail: G1 virtual space
# Possible reasons:
#   The system is out of physical RAM or swap space
#   This process is running with CompressedOops enabled, and the Java Heap may be blocking the growth of the native heap
# Possible solutions:
#   Reduce memory load on the system
#   Increase physical memory or swap space
#   Check if swap backing store is full
#   Decrease Java heap size (-Xmx/-Xms)
#   Decrease number of Java threads
#   Decrease Java thread stack sizes (-Xss)
#   Set larger code cache with -XX:ReservedCodeCacheSize=
#   JVM is running with Zero Based Compressed Oops mode in which the Java heap is
#     placed in the first 32GB address space. The Java Heap base address is the
#     maximum limit for the native heap growth. Please use -XX:HeapBaseMinAddress
#     to set the Java Heap base and to place the Java Heap above 32GB virtual address.
# This output file may be truncated or incomplete.
#
#  Out of Memory Error (os_windows.cpp:3618), pid=2624, tid=32360
#
# JRE version:  (17.0.15+6) (build )
# Java VM: OpenJDK 64-Bit Server VM (17.0.15+6-LTS, mixed mode, sharing, tiered, compressed oops, compressed class ptrs, g1 gc, windows-amd64)
# No core dump will be written. Minidumps are not enabled by default on client versions of Windows
#

---------------  S U M M A R Y ------------

Command Line: -javaagent:D:\IntelliJ IDEA Community Edition 2025.1.3\lib\idea_rt.jar=59011 -Dfile.encoding=UTF-8 com.example.demo.CarbookApplication

Host: 13th Gen Intel(R) Core(TM) i7-13650HX, 20 cores, 15G,  Windows 11 , 64 bit Build 26100 (10.0.26100.7705)
Time: Sun Feb  1 21:49:28 2026 Azerbaijan Standard Time elapsed time: 1.118421 seconds (0d 0h 0m 1s)

---------------  T H R E A D  ---------------

Current thread (0x0000013bc96e4b50):  JavaThread "Unknown thread" [_thread_in_vm, id=32360, stack(0x000000360ac00000,0x000000360ad00000)]

Stack: [0x000000360ac00000,0x000000360ad00000]
Native frames: (J=compiled Java code, j=interpreted, Vv=VM code, C=native code)
V  [jvm.dll+0x681149]
V  [jvm.dll+0x838b5a]
V  [jvm.dll+0x83a61e]
V  [jvm.dll+0x83ac83]
V  [jvm.dll+0x24837f]
V  [jvm.dll+0x67de79]
V  [jvm.dll+0x67294a]
V  [jvm.dll+0x30836b]
V  [jvm.dll+0x30f856]
V  [jvm.dll+0x35fbce]
V  [jvm.dll+0x35fe0f]
V  [jvm.dll+0x2df31c]
V  [jvm.dll+0x2e0274]
V  [jvm.dll+0x80a34b]
V  [jvm.dll+0x36d941]
V  [jvm.dll+0x7e8dd5]
V  [jvm.dll+0x3f164e]
V  [jvm.dll+0x3f31d1]
C  [jli.dll+0x52ab]
C  [ucrtbase.dll+0x37b0]
C  [KERNEL32.DLL+0x2e8d7]
C  [ntdll.dll+0x8c40c]


---------------  P R O C E S S  ---------------

Threads class SMR info:
_java_thread_list=0x00007ffe36a18f18, length=0, elements={
}

Java Threads: ( => current thread )

Other Threads:
  0x0000013bc97508c0 GCTaskThread "GC Thread#0" [stack: 0x000000360ad00000,0x000000360ae00000] [id=12612]
  0x0000013bc9761ee0 ConcurrentGCThread "G1 Main Marker" [stack: 0x000000360ae00000,0x000000360af00000] [id=24356]
  0x0000013bc9762900 ConcurrentGCThread "G1 Conc#0" [stack: 0x000000360af00000,0x000000360b000000] [id=27140]

[error occurred during error reporting (printing all threads), id 0xc0000005, EXCEPTION_ACCESS_VIOLATION (0xc0000005) at pc=0x00007ffe361cfa57]

VM state: not at safepoint (not fully initialized)

VM Mutex/Monitor currently owned by a thread:  ([mutex/lock_event])
[0x0000013bc96df940] Heap_lock - owner thread: 0x0000013bc96e4b50

Heap address: 0x0000000706000000, size: 4000 MB, Compressed Oops mode: Zero based, Oop shift amount: 3

CDS archive(s) mapped at: [0x0000000000000000-0x0000000000000000-0x0000000000000000), size 0, SharedBaseAddress: 0x0000000800000000, ArchiveRelocationMode: 1.
Narrow klass base: 0x0000000000000000, Narrow klass shift: 0, Narrow klass range: 0x0

GC Precious Log:
<Empty>

Heap:
 garbage-first heap   total 0K, used 0K [0x0000000706000000, 0x0000000800000000)
  region size 2048K, 0 young (0K), 0 survivors (0K)

[error occurred during error reporting (printing heap information), id 0xc0000005, EXCEPTION_ACCESS_VIOLATION (0xc0000005) at pc=0x00007ffe365ba2f9]

GC Heap History (0 events):
No events

Dll operation events (1 events):
Event: 0.008 Loaded shared library D:\jdk\bin\java.dll

Deoptimization events (0 events):
No events

Classes loaded (0 events):
No events

Classes unloaded (0 events):
No events

Classes redefined (0 events):
No events

Internal exceptions (0 events):
No events

VM Operations (0 events):
No events

Memory protections (0 events):
No events

Nmethod flushes (0 events):
No events

Events (0 events):
No events


Dynamic libraries:
0x00007ff6beea0000 - 0x00007ff6beeae000 	D:\jdk\bin\java.exe
0x00007ffef07c0000 - 0x00007ffef0a28000 	C:\WINDOWS\SYSTEM32\ntdll.dll
0x00007ffef0270000 - 0x00007ffef0339000 	C:\WINDOWS\System32\KERNEL32.DLL
0x00007ffeed580000 - 0x00007ffeed971000 	C:\WINDOWS\System32\KERNELBASE.dll
0x00007ffeed0a0000 - 0x00007ffeed1eb000 	C:\WINDOWS\System32\ucrtbase.dll
0x00007ffee7eb0000 - 0x00007ffee7ec7000 	D:\jdk\bin\jli.dll
0x00007ffeef480000 - 0x00007ffeef646000 	C:\WINDOWS\System32\USER32.dll
0x00007ffeed550000 - 0x00007ffeed577000 	C:\WINDOWS\System32\win32u.dll
0x00007ffee4e10000 - 0x00007ffee4e2b000 	D:\jdk\bin\VCRUNTIME140.dll
0x00007ffeef650000 - 0x00007ffeef67b000 	C:\WINDOWS\System32\GDI32.dll
0x00007ffeed1f0000 - 0x00007ffeed31b000 	C:\WINDOWS\System32\gdi32full.dll
0x00007ffed2900000 - 0x00007ffed2b93000 	C:\WINDOWS\WinSxS\amd64_microsoft.windows.common-controls_6595b64144ccf1df_6.0.26100.7705_none_3e06597ae3363b04\COMCTL32.dll
0x00007ffeedb80000 - 0x00007ffeedc23000 	C:\WINDOWS\System32\msvcp_win.dll
0x00007ffeeeaf0000 - 0x00007ffeeeb99000 	C:\WINDOWS\System32\msvcrt.dll
0x00007ffeef280000 - 0x00007ffeef2b1000 	C:\WINDOWS\System32\IMM32.DLL
0x00007ffee7e90000 - 0x00007ffee7e9c000 	D:\jdk\bin\vcruntime140_1.dll
0x00007ffebec80000 - 0x00007ffebed0d000 	D:\jdk\bin\msvcp140.dll
0x00007ffe35ee0000 - 0x00007ffe36b4c000 	D:\jdk\bin\server\jvm.dll
0x00007ffef06c0000 - 0x00007ffef0774000 	C:\WINDOWS\System32\ADVAPI32.dll
0x00007ffeeed40000 - 0x00007ffeeede6000 	C:\WINDOWS\System32\sechost.dll
0x00007ffeee570000 - 0x00007ffeee688000 	C:\WINDOWS\System32\RPCRT4.dll
0x00007ffeee980000 - 0x00007ffeee9f4000 	C:\WINDOWS\System32\WS2_32.dll
0x00007ffeebc80000 - 0x00007ffeebcde000 	C:\WINDOWS\SYSTEM32\POWRPROF.dll
0x00007ffee1340000 - 0x00007ffee1375000 	C:\WINDOWS\SYSTEM32\WINMM.dll
0x00007ffee50b0000 - 0x00007ffee50bb000 	C:\WINDOWS\SYSTEM32\VERSION.dll
0x00007ffeebc60000 - 0x00007ffeebc74000 	C:\WINDOWS\SYSTEM32\UMPDC.dll
0x00007ffeebf30000 - 0x00007ffeebf4b000 	C:\WINDOWS\SYSTEM32\kernel.appcore.dll
0x00007ffee5d50000 - 0x00007ffee5d5a000 	D:\jdk\bin\jimage.dll
0x00007ffeeb070000 - 0x00007ffeeb2b2000 	C:\WINDOWS\SYSTEM32\DBGHELP.DLL
0x00007ffeeeef0000 - 0x00007ffeef276000 	C:\WINDOWS\System32\combase.dll
0x00007ffeee890000 - 0x00007ffeee967000 	C:\WINDOWS\System32\OLEAUT32.dll
0x00007ffed34f0000 - 0x00007ffed352b000 	C:\WINDOWS\SYSTEM32\dbgcore.DLL
0x00007ffeed4a0000 - 0x00007ffeed545000 	C:\WINDOWS\System32\bcryptPrimitives.dll
0x00007ffecfda0000 - 0x00007ffecfdae000 	D:\jdk\bin\instrument.dll
0x00007ffed14b0000 - 0x00007ffed14d5000 	D:\jdk\bin\java.dll

dbghelp: loaded successfully - version: 4.0.5 - missing functions: none
symbol engine: initialized successfully - sym options: 0x614 - pdb path: .;D:\jdk\bin;C:\WINDOWS\SYSTEM32;C:\WINDOWS\WinSxS\amd64_microsoft.windows.common-controls_6595b64144ccf1df_6.0.26100.7705_none_3e06597ae3363b04;D:\jdk\bin\server

VM Arguments:
jvm_args: -javaagent:D:\IntelliJ IDEA Community Edition 2025.1.3\lib\idea_rt.jar=59011 -Dfile.encoding=UTF-8 
java_command: com.example.demo.CarbookApplication
java_class_path (initial): D:\Course Final Project\carbook\target\classes;C:\Users\user\.m2\repository\org\springframework\boot\spring-boot-starter-data-jdbc\3.5.8\spring-boot-starter-data-jdbc-3.5.8.jar;C:\Users\user\.m2\repository\org\springframework\boot\spring-boot-starter-jdbc\3.5.8\spring-boot-starter-jdbc-3.5.8.jar;C:\Users\user\.m2\repository\com\zaxxer\HikariCP\6.3.3\HikariCP-6.3.3.jar;C:\Users\user\.m2\repository\org\springframework\spring-jdbc\6.2.14\spring-jdbc-6.2.14.jar;C:\Users\user\.m2\repository\org\springframework\data\spring-data-jdbc\3.5.6\spring-data-jdbc-3.5.6.jar;C:\Users\user\.m2\repository\org\springframework\data\spring-data-relational\3.5.6\spring-data-relational-3.5.6.jar;C:\Users\user\.m2\repository\org\springframework\data\spring-data-commons\3.5.6\spring-data-commons-3.5.6.jar;C:\Users\user\.m2\repository\org\springframework\spring-tx\6.2.14\spring-tx-6.2.14.jar;C:\Users\user\.m2\repository\org\springframework\spring-context\6.2.14\spring-context-6.2.14.jar;C:\Users\user\.m2\repository\org\springframework\spring-beans\6.2.14\spring-beans-6.2.14.jar;C:\Users\user\.m2\repository\org\springframework\boot\spring-boot-starter-data-jpa\3.5.8\spring-boot-starter-data-jpa-3.5.8.jar;C:\Users\user\.m2\repository\org\springframework\boot\spring-boot-starter\3.5.8\spring-boot-starter-3.5.8.jar;C:\Users\user\.m2\repository\org\springframework\boot\spring-boot-starter-logging\3.5.8\spring-boot-starter-logging-3.5.8.jar;C:\Users\user\.m2\repository\ch\qos\logback\logback-classic\1.5.21\logback-classic-1.5.21.jar;C:\Users\user\.m2\repository\ch\qos\logback\logback-core\1.5.21\logback-core-1.5.21.jar;C:\Users\user\.m2\repository\org\apache\logging\log4j\log4j-to-slf4j\2.24.3\log4j-to-slf4j-2.24.3.jar;C:\Users\user\.m2\repository\org\apache\logging\log4j\log4j-api\2.24.3\log4j-api-2.24.3.jar;C:\Users\user\.m2\repository\org\slf4j\jul-to-slf4j\2.0.17\jul-to-slf4j-2.0.17.jar;C:\Users\user\.m2\repository\jakarta\annotation\jakarta.annotation-api\2.1.1\ja
Launcher Type: SUN_STANDARD

[Global flags]
     intx CICompilerCount                          = 12                                        {product} {ergonomic}
     uint ConcGCThreads                            = 4                                         {product} {ergonomic}
     uint G1ConcRefinementThreads                  = 15                                        {product} {ergonomic}
   size_t G1HeapRegionSize                         = 2097152                                   {product} {ergonomic}
    uintx GCDrainStackTargetSize                   = 64                                        {product} {ergonomic}
   size_t InitialHeapSize                          = 262144000                                 {product} {ergonomic}
   size_t MarkStackSize                            = 4194304                                   {product} {ergonomic}
   size_t MaxHeapSize                              = 4194304000                                {product} {ergonomic}
   size_t MinHeapDeltaBytes                        = 2097152                                   {product} {ergonomic}
   size_t MinHeapSize                              = 8388608                                   {product} {ergonomic}
    uintx NonNMethodCodeHeapSize                   = 7602480                                {pd product} {ergonomic}
    uintx NonProfiledCodeHeapSize                  = 122027880                              {pd product} {ergonomic}
    uintx ProfiledCodeHeapSize                     = 122027880                              {pd product} {ergonomic}
    uintx ReservedCodeCacheSize                    = 251658240                              {pd product} {ergonomic}
     bool SegmentedCodeCache                       = true                                      {product} {ergonomic}
   size_t SoftMaxHeapSize                          = 4194304000                             {manageable} {ergonomic}
     bool UseCompressedClassPointers               = true                           {product lp64_product} {ergonomic}
     bool UseCompressedOops                        = true                           {product lp64_product} {ergonomic}
     bool UseG1GC                                  = true                                      {product} {ergonomic}
     bool UseLargePagesIndividualAllocation        = false                                  {pd product} {ergonomic}

Logging:
Log output configuration:
 #0: stdout all=warning uptime,level,tags
 #1: stderr all=off uptime,level,tags

Environment Variables:
PATH=C:\Program Files (x86)\Common Files\Oracle\Java\java8path;C:\Program Files (x86)\Common Files\Oracle\Java\javapath;C:\WINDOWS\system32;C:\WINDOWS;C:\WINDOWS\System32\Wbem;C:\WINDOWS\System32\WindowsPowerShell\v1.0\;C:\WINDOWS\System32\OpenSSH\;C:\Program Files\dotnet\;C:\Program Files\NVIDIA Corporation\NVIDIA App\NvDLISR;C:\Program Files (x86)\NVIDIA Corporation\PhysX\Common;C:\Program Files\Git\cmd;C:\Program Files\Apache\apache-maven-3.9.11\bin;;C:\Program Files\Docker\Docker\resources\bin;C:\Users\user\AppData\Local\Microsoft\WindowsApps;D:\IntelliJ IDEA Community Edition 2025.1.3\bin;;C:\Users\user\AppData\Local\Programs\Microsoft VS Code\bin;C:\Users\user\AppData\Local\GitHubDesktop\bin
USERNAME=Ilgar
OS=Windows_NT
PROCESSOR_IDENTIFIER=Intel64 Family 6 Model 183 Stepping 1, GenuineIntel
TMP=C:\Users\user\AppData\Local\Temp
TEMP=C:\Users\user\AppData\Local\Temp



Periodic native trim disabled


---------------  S Y S T E M  ---------------

OS:
 Windows 11 , 64 bit Build 26100 (10.0.26100.7705)
OS uptime: 0 days 23:06 hours
Hyper-V role detected

CPU: total 20 (initial active 20) (10 cores per cpu, 2 threads per core) family 6 model 183 stepping 1 microcode 0x12b, cx8, cmov, fxsr, ht, mmx, 3dnowpref, sse, sse2, sse3, ssse3, sse4.1, sse4.2, popcnt, lzcnt, tsc, tscinvbit, avx, avx2, aes, erms, clmul, bmi1, bmi2, adx, sha, fma, vzeroupper, clflush, clflushopt, clwb, hv
Processor Information for all 20 processors :
  Max Mhz: 2600, Current Mhz: 2600, Mhz Limit: 2600

Memory: 4k page, system-wide physical 15995M (695M free)
TotalPageFile size 28283M (AvailPageFile size 146M)
current process WorkingSet (physical memory assigned to process): 12M, peak: 12M
current process commit charge ("private bytes"): 75M, peak: 325M

vm_info: OpenJDK 64-Bit Server VM (17.0.15+6-LTS) for windows-amd64 JRE (17.0.15+6-LTS), built on Apr  9 2025 23:33:55 by "Administrator" with MS VC++ 16.10 / 16.11 (VS2019)

END.
